<?xml version="1.0" encoding="UTF-8"?>
<!-- Generated by org.testng.reporters.JUnitXMLReporter -->
<testsuite ignored="1" hostname="DESKTOP-BN9CENM" failures="0" tests="35" name="Surefire test" time="0.155" errors="0" timestamp="2022-01-03T14:29:50 CST">
  <testcase classname="com.amaxinc.web.budget.testcases.BudgetAndVarianceHomePageTest" name="@BeforeMethod setUp" time="0.062">
    <failure type="java.lang.IllegalStateException" message="The driver executable does not exist: C:\browserdrivers\chromedriver.exe">
      <![CDATA[java.lang.IllegalStateException: The driver executable does not exist: C:\browserdrivers\chromedriver.exe
at com.google.common.base.Preconditions.checkState(Preconditions.java:585)
at org.openqa.selenium.remote.service.DriverService.checkExecutable(DriverService.java:146)
at org.openqa.selenium.remote.service.DriverService.findExecutable(DriverService.java:141)
at org.openqa.selenium.chrome.ChromeDriverService.access$000(ChromeDriverService.java:35)
at org.openqa.selenium.chrome.ChromeDriverService$Builder.findDefaultExecutable(ChromeDriverService.java:159)
at org.openqa.selenium.remote.service.DriverService$Builder.build(DriverService.java:355)
at org.openqa.selenium.chrome.ChromeDriverService.createDefaultService(ChromeDriverService.java:94)
at org.openqa.selenium.chrome.ChromeDriver.<init>(ChromeDriver.java:123)
at com.amaxinc.web.budget.testcases.BudgetAndVarianceHomePageTest.setUp(BudgetAndVarianceHomePageTest.java:21)
at java.base/java.util.ArrayList.forEach(ArrayList.java:1541)
... Removed 36 stack frames]]>
    </failure>
  </testcase> <!-- @BeforeMethod setUp -->
  <testcase classname="com.amaxinc.web.budget.testcases.BudgetAndVarianceHomePageTest" name="@AfterMethod tearDown" time="-1.641241790785E9">
    <skipped/>
  </testcase> <!-- @AfterMethod tearDown -->
  <testcase classname="com.amaxinsurance.testcases.aboutamax.CareersPageTitleTest" name="@BeforeMethod setUp" time="0.0">
    <failure type="java.lang.NullPointerException">
      <![CDATA[java.lang.NullPointerException
at com.amaxweb.base.TestBase.initialization(TestBase.java:47)
at com.amaxinsurance.testcases.aboutamax.CareersPageTitleTest.setUp(CareersPageTitleTest.java:21)
at java.base/java.util.ArrayList.forEach(ArrayList.java:1541)
... Removed 36 stack frames]]>
    </failure>
  </testcase> <!-- @BeforeMethod setUp -->
  <testcase classname="com.amaxinsurance.testcases.aboutamax.CareersPageTitleTest" name="@AfterMethod tearDown" time="-1.641241790787E9">
    <skipped/>
  </testcase> <!-- @AfterMethod tearDown -->
  <testcase classname="com.amaxinsurance.testcases.aboutamax.FAQsPageTitleTest" name="@BeforeMethod setUp" time="0.0">
    <failure type="java.lang.NullPointerException">
      <![CDATA[java.lang.NullPointerException
at com.amaxweb.base.TestBase.initialization(TestBase.java:47)
at com.amaxinsurance.testcases.aboutamax.FAQsPageTitleTest.setUp(FAQsPageTitleTest.java:22)
at java.base/java.util.ArrayList.forEach(ArrayList.java:1541)
... Removed 36 stack frames]]>
    </failure>
  </testcase> <!-- @BeforeMethod setUp -->
  <testcase classname="com.amaxinsurance.testcases.aboutamax.FAQsPageTitleTest" name="@AfterMethod tearDown" time="-1.641241790788E9">
    <skipped/>
  </testcase> <!-- @AfterMethod tearDown -->
  <testcase classname="com.amaxinsurance.testcases.aboutamax.NewsAndEventsPageTitleTest" name="@BeforeMethod setUp" time="0.0">
    <failure type="java.lang.NullPointerException">
      <![CDATA[java.lang.NullPointerException
at com.amaxweb.base.TestBase.initialization(TestBase.java:47)
at com.amaxinsurance.testcases.aboutamax.NewsAndEventsPageTitleTest.setUp(NewsAndEventsPageTitleTest.java:21)
at java.base/java.util.ArrayList.forEach(ArrayList.java:1541)
... Removed 36 stack frames]]>
    </failure>
  </testcase> <!-- @BeforeMethod setUp -->
  <testcase classname="com.amaxinsurance.testcases.aboutamax.NewsAndEventsPageTitleTest" name="@AfterMethod tearDown" time="-1.641241790789E9">
    <skipped/>
  </testcase> <!-- @AfterMethod tearDown -->
  <testcase classname="com.amaxinsurance.testcases.aboutamax.OurCompanyPageTitleTest" name="@BeforeMethod setUp" time="0.001">
    <failure type="java.lang.NullPointerException">
      <![CDATA[java.lang.NullPointerException
at com.amaxweb.base.TestBase.initialization(TestBase.java:47)
at com.amaxinsurance.testcases.aboutamax.OurCompanyPageTitleTest.setUp(OurCompanyPageTitleTest.java:21)
at java.base/java.util.ArrayList.forEach(ArrayList.java:1541)
... Removed 36 stack frames]]>
    </failure>
  </testcase> <!-- @BeforeMethod setUp -->
  <testcase classname="com.amaxinsurance.testcases.aboutamax.OurCompanyPageTitleTest" name="@AfterMethod tearDown" time="-1.64124179079E9">
    <skipped/>
  </testcase> <!-- @AfterMethod tearDown -->
  <testcase classname="com.amaxinsurance.testcases.BoatsAndWatercraftQuotePageTitleTest" name="@BeforeMethod setUp" time="0.0">
    <failure type="java.lang.NullPointerException">
      <![CDATA[java.lang.NullPointerException
at com.amaxweb.base.TestBase.initialization(TestBase.java:47)
at com.amaxinsurance.testcases.BoatsAndWatercraftQuotePageTitleTest.setUp(BoatsAndWatercraftQuotePageTitleTest.java:21)
at java.base/java.util.ArrayList.forEach(ArrayList.java:1541)
... Removed 36 stack frames]]>
    </failure>
  </testcase> <!-- @BeforeMethod setUp -->
  <testcase classname="com.amaxinsurance.testcases.BoatsAndWatercraftQuotePageTitleTest" name="@AfterMethod tearDown" time="-1.641241790791E9">
    <skipped/>
  </testcase> <!-- @AfterMethod tearDown -->
  <testcase classname="com.amaxinsurance.testcases.CommercialAutoQuotePageTitleTest" name="@BeforeMethod setUp" time="0.0">
    <failure type="java.lang.NullPointerException">
      <![CDATA[java.lang.NullPointerException
at com.amaxweb.base.TestBase.initialization(TestBase.java:47)
at com.amaxinsurance.testcases.CommercialAutoQuotePageTitleTest.setUp(CommercialAutoQuotePageTitleTest.java:23)
at java.base/java.util.ArrayList.forEach(ArrayList.java:1541)
... Removed 36 stack frames]]>
    </failure>
  </testcase> <!-- @BeforeMethod setUp -->
  <testcase classname="com.amaxinsurance.testcases.CommercialAutoQuotePageTitleTest" name="@AfterMethod tearDown" time="-1.641241790791E9">
    <skipped/>
  </testcase> <!-- @AfterMethod tearDown -->
  <testcase classname="com.amaxinsurance.testcases.ContactUsPageTitleTest" name="@BeforeMethod setUp" time="0.0">
    <failure type="java.lang.NullPointerException">
      <![CDATA[java.lang.NullPointerException
at com.amaxweb.base.TestBase.initialization(TestBase.java:47)
at com.amaxinsurance.testcases.ContactUsPageTitleTest.setUp(ContactUsPageTitleTest.java:21)
at java.base/java.util.ArrayList.forEach(ArrayList.java:1541)
... Removed 36 stack frames]]>
    </failure>
  </testcase> <!-- @BeforeMethod setUp -->
  <testcase classname="com.amaxinsurance.testcases.ContactUsPageTitleTest" name="@AfterMethod tearDown" time="-1.641241790792E9">
    <skipped/>
  </testcase> <!-- @AfterMethod tearDown -->
  <testcase classname="com.amaxinsurance.testcases.FindAnOfficePageTest" name="@BeforeMethod setUp" time="0.0">
    <failure type="java.lang.NullPointerException">
      <![CDATA[java.lang.NullPointerException
at com.amaxweb.base.TestBase.initialization(TestBase.java:47)
at com.amaxinsurance.testcases.FindAnOfficePageTest.setUp(FindAnOfficePageTest.java:24)
at java.base/java.util.ArrayList.forEach(ArrayList.java:1541)
... Removed 36 stack frames]]>
    </failure>
  </testcase> <!-- @BeforeMethod setUp -->
  <testcase classname="com.amaxinsurance.testcases.FindAnOfficePageTest" name="@AfterMethod tearDown" time="-1.641241790793E9">
    <skipped/>
  </testcase> <!-- @AfterMethod tearDown -->
  <testcase classname="com.amaxinsurance.testcases.GeneralLiabilityQuotePageTitleTest" name="@BeforeMethod setUp" time="0.0">
    <failure type="java.lang.NullPointerException">
      <![CDATA[java.lang.NullPointerException
at com.amaxweb.base.TestBase.initialization(TestBase.java:47)
at com.amaxinsurance.testcases.GeneralLiabilityQuotePageTitleTest.setUp(GeneralLiabilityQuotePageTitleTest.java:19)
at java.base/java.util.ArrayList.forEach(ArrayList.java:1541)
... Removed 36 stack frames]]>
    </failure>
  </testcase> <!-- @BeforeMethod setUp -->
  <testcase classname="com.amaxinsurance.testcases.GeneralLiabilityQuotePageTitleTest" name="@AfterMethod tearDown" time="-1.641241790794E9">
    <skipped/>
  </testcase> <!-- @AfterMethod tearDown -->
  <testcase classname="com.amaxinsurance.testcases.HomeownersQuotepageTitleTest" name="@BeforeMethod setUp" time="0.0">
    <failure type="java.lang.NullPointerException">
      <![CDATA[java.lang.NullPointerException
at com.amaxweb.base.TestBase.initialization(TestBase.java:47)
at com.amaxinsurance.testcases.HomeownersQuotepageTitleTest.setUp(HomeownersQuotepageTitleTest.java:21)
at java.base/java.util.ArrayList.forEach(ArrayList.java:1541)
... Removed 36 stack frames]]>
    </failure>
  </testcase> <!-- @BeforeMethod setUp -->
  <testcase classname="com.amaxinsurance.testcases.HomeownersQuotepageTitleTest" name="@AfterMethod tearDown" time="-1.641241790795E9">
    <skipped/>
  </testcase> <!-- @AfterMethod tearDown -->
  <testcase classname="com.amaxinsurance.testcases.MakeAClaimPageTest" name="@BeforeMethod setUp" time="0.0">
    <failure type="java.lang.NullPointerException">
      <![CDATA[java.lang.NullPointerException
at com.amaxweb.base.TestBase.initialization(TestBase.java:47)
at com.amaxinsurance.testcases.MakeAClaimPageTest.setUp(MakeAClaimPageTest.java:21)
at java.base/java.util.ArrayList.forEach(ArrayList.java:1541)
... Removed 36 stack frames]]>
    </failure>
  </testcase> <!-- @BeforeMethod setUp -->
  <testcase classname="com.amaxinsurance.testcases.MakeAClaimPageTest" name="@AfterMethod tearDown" time="-1.641241790797E9">
    <skipped/>
  </testcase> <!-- @AfterMethod tearDown -->
  <testcase classname="com.amaxinsurance.testcases.MakeAPaymentPageTest" name="@BeforeMethod setUp" time="0.0">
    <failure type="java.lang.NullPointerException">
      <![CDATA[java.lang.NullPointerException
at com.amaxweb.base.TestBase.initialization(TestBase.java:47)
at com.amaxinsurance.testcases.MakeAPaymentPageTest.setUp(MakeAPaymentPageTest.java:21)
at java.base/java.util.ArrayList.forEach(ArrayList.java:1541)
... Removed 36 stack frames]]>
    </failure>
  </testcase> <!-- @BeforeMethod setUp -->
  <testcase classname="com.amaxinsurance.testcases.MakeAPaymentPageTest" name="@AfterMethod tearDown" time="-1.641241790798E9">
    <skipped/>
  </testcase> <!-- @AfterMethod tearDown -->
  <testcase classname="com.amaxinsurance.testcases.MexicoTouristQuotePageTitleTest" name="@BeforeMethod setUp" time="0.001">
    <failure type="java.lang.NullPointerException">
      <![CDATA[java.lang.NullPointerException
at com.amaxweb.base.TestBase.initialization(TestBase.java:47)
at com.amaxinsurance.testcases.MexicoTouristQuotePageTitleTest.setUp(MexicoTouristQuotePageTitleTest.java:19)
at java.base/java.util.ArrayList.forEach(ArrayList.java:1541)
... Removed 36 stack frames]]>
    </failure>
  </testcase> <!-- @BeforeMethod setUp -->
  <testcase classname="com.amaxinsurance.testcases.MexicoTouristQuotePageTitleTest" name="@AfterMethod tearDown" time="-1.641241790799E9">
    <skipped/>
  </testcase> <!-- @AfterMethod tearDown -->
  <testcase classname="com.amaxinsurance.testcases.MobileHomeQuotePageTitleTest" name="@BeforeMethod setUp" time="0.0">
    <failure type="java.lang.NullPointerException">
      <![CDATA[java.lang.NullPointerException
at com.amaxweb.base.TestBase.initialization(TestBase.java:47)
at com.amaxinsurance.testcases.MobileHomeQuotePageTitleTest.setUp(MobileHomeQuotePageTitleTest.java:16)
at java.base/java.util.ArrayList.forEach(ArrayList.java:1541)
... Removed 36 stack frames]]>
    </failure>
  </testcase> <!-- @BeforeMethod setUp -->
  <testcase classname="com.amaxinsurance.testcases.MobileHomeQuotePageTitleTest" name="@AfterMethod tearDown" time="-1.6412417908E9">
    <skipped/>
  </testcase> <!-- @AfterMethod tearDown -->
  <testcase classname="com.amaxinsurance.testcases.MotorcycleQuotePageTest" name="@BeforeMethod setUp" time="0.0">
    <failure type="java.lang.NullPointerException">
      <![CDATA[java.lang.NullPointerException
at com.amaxweb.base.TestBase.initialization(TestBase.java:47)
at com.amaxinsurance.testcases.MotorcycleQuotePageTest.setUp(MotorcycleQuotePageTest.java:21)
at java.base/java.util.ArrayList.forEach(ArrayList.java:1541)
... Removed 36 stack frames]]>
    </failure>
  </testcase> <!-- @BeforeMethod setUp -->
  <testcase classname="com.amaxinsurance.testcases.MotorcycleQuotePageTest" name="@AfterMethod tearDown" time="-1.641241790802E9">
    <skipped/>
  </testcase> <!-- @AfterMethod tearDown -->
  <testcase classname="com.amaxinsurance.testcases.NotaryServicesQuotePageTitleTest" name="@BeforeMethod setUp" time="0.0">
    <failure type="java.lang.NullPointerException">
      <![CDATA[java.lang.NullPointerException
at com.amaxweb.base.TestBase.initialization(TestBase.java:47)
at com.amaxinsurance.testcases.NotaryServicesQuotePageTitleTest.setUp(NotaryServicesQuotePageTitleTest.java:17)
at java.base/java.util.ArrayList.forEach(ArrayList.java:1541)
... Removed 36 stack frames]]>
    </failure>
  </testcase> <!-- @BeforeMethod setUp -->
  <testcase classname="com.amaxinsurance.testcases.NotaryServicesQuotePageTitleTest" name="@AfterMethod tearDown" time="-1.641241790803E9">
    <skipped/>
  </testcase> <!-- @AfterMethod tearDown -->
  <testcase classname="com.amaxinsurance.testcases.ReferralPageTest" name="@BeforeMethod setUp" time="0.0">
    <failure type="java.lang.NullPointerException">
      <![CDATA[java.lang.NullPointerException
at com.amaxweb.base.TestBase.initialization(TestBase.java:47)
at com.amaxinsurance.testcases.ReferralPageTest.setUp(ReferralPageTest.java:19)
at java.base/java.util.ArrayList.forEach(ArrayList.java:1541)
... Removed 36 stack frames]]>
    </failure>
  </testcase> <!-- @BeforeMethod setUp -->
  <testcase classname="com.amaxinsurance.testcases.ReferralPageTest" name="@AfterMethod tearDown" time="-1.641241790804E9">
    <skipped/>
  </testcase> <!-- @AfterMethod tearDown -->
  <testcase classname="com.amaxinsurance.testcases.RentersQuotePageTitleTest" name="@BeforeMethod setUp" time="0.0">
    <failure type="java.lang.NullPointerException">
      <![CDATA[java.lang.NullPointerException
at com.amaxweb.base.TestBase.initialization(TestBase.java:47)
at com.amaxinsurance.testcases.RentersQuotePageTitleTest.setUp(RentersQuotePageTitleTest.java:17)
at java.base/java.util.ArrayList.forEach(ArrayList.java:1541)
... Removed 36 stack frames]]>
    </failure>
  </testcase> <!-- @BeforeMethod setUp -->
  <testcase classname="com.amaxinsurance.testcases.RentersQuotePageTitleTest" name="@AfterMethod tearDown" time="-1.641241790805E9">
    <skipped/>
  </testcase> <!-- @AfterMethod tearDown -->
  <testcase classname="com.amaxinsurance.testcases.RVQuotePageTitleTest" name="@BeforeMethod setUp" time="0.0">
    <failure type="java.lang.NullPointerException">
      <![CDATA[java.lang.NullPointerException
at com.amaxweb.base.TestBase.initialization(TestBase.java:47)
at com.amaxinsurance.testcases.RVQuotePageTitleTest.setUp(RVQuotePageTitleTest.java:16)
at java.base/java.util.ArrayList.forEach(ArrayList.java:1541)
... Removed 36 stack frames]]>
    </failure>
  </testcase> <!-- @BeforeMethod setUp -->
  <testcase classname="com.amaxinsurance.testcases.RVQuotePageTitleTest" name="@AfterMethod tearDown" time="-1.641241790806E9">
    <skipped/>
  </testcase> <!-- @AfterMethod tearDown -->
  <testcase classname="com.amaxinsurance.testcases.Sr22QuotePageTitleTest" name="@BeforeMethod setUp" time="0.0">
    <failure type="java.lang.NullPointerException">
      <![CDATA[java.lang.NullPointerException
at com.amaxweb.base.TestBase.initialization(TestBase.java:47)
at com.amaxinsurance.testcases.Sr22QuotePageTitleTest.setUp(Sr22QuotePageTitleTest.java:17)
at java.base/java.util.ArrayList.forEach(ArrayList.java:1541)
... Removed 36 stack frames]]>
    </failure>
  </testcase> <!-- @BeforeMethod setUp -->
  <testcase classname="com.amaxinsurance.testcases.Sr22QuotePageTitleTest" name="@AfterMethod tearDown" time="-1.641241790807E9">
    <skipped/>
  </testcase> <!-- @AfterMethod tearDown -->
  <testcase classname="com.amaxinsurance.testcases.SuretyBondQuotePageTitleTest" name="@BeforeMethod setUp" time="0.0">
    <failure type="java.lang.NullPointerException">
      <![CDATA[java.lang.NullPointerException
at com.amaxweb.base.TestBase.initialization(TestBase.java:47)
at com.amaxinsurance.testcases.SuretyBondQuotePageTitleTest.setUp(SuretyBondQuotePageTitleTest.java:17)
at java.base/java.util.ArrayList.forEach(ArrayList.java:1541)
... Removed 36 stack frames]]>
    </failure>
  </testcase> <!-- @BeforeMethod setUp -->
  <testcase classname="com.amaxinsurance.testcases.SuretyBondQuotePageTitleTest" name="@AfterMethod tearDown" time="-1.641241790808E9">
    <skipped/>
  </testcase> <!-- @AfterMethod tearDown -->
  <testcase classname="com.audit.amaxinsurance.testcases.UnderwritinPortalLogInTest" name="@BeforeMethod setUp" time="0.005">
    <failure type="java.lang.IllegalStateException" message="The driver executable does not exist: C:\browserdrivers\chromedriver.exe">
      <![CDATA[java.lang.IllegalStateException: The driver executable does not exist: C:\browserdrivers\chromedriver.exe
at com.google.common.base.Preconditions.checkState(Preconditions.java:585)
at org.openqa.selenium.remote.service.DriverService.checkExecutable(DriverService.java:146)
at org.openqa.selenium.remote.service.DriverService.findExecutable(DriverService.java:141)
at org.openqa.selenium.chrome.ChromeDriverService.access$000(ChromeDriverService.java:35)
at org.openqa.selenium.chrome.ChromeDriverService$Builder.findDefaultExecutable(ChromeDriverService.java:159)
at org.openqa.selenium.remote.service.DriverService$Builder.build(DriverService.java:355)
at org.openqa.selenium.chrome.ChromeDriverService.createDefaultService(ChromeDriverService.java:94)
at org.openqa.selenium.chrome.ChromeDriver.<init>(ChromeDriver.java:123)
at com.audit.amaxinsurance.testcases.UnderwritinPortalLogInTest.setUp(UnderwritinPortalLogInTest.java:23)
at java.base/java.util.ArrayList.forEach(ArrayList.java:1541)
... Removed 36 stack frames]]>
    </failure>
  </testcase> <!-- @BeforeMethod setUp -->
  <testcase classname="com.audit.amaxinsurance.testcases.UnderwritinPortalLogInTest" name="@AfterMethod tearDown" time="-1.641241790813E9">
    <skipped/>
  </testcase> <!-- @AfterMethod tearDown -->
  <testcase classname="com.audit.amaxinsurance.testcases.UnderwritinPortalLogInTest" name="@BeforeMethod setUp" time="-1.641241790814E9">
    <skipped/>
  </testcase> <!-- @BeforeMethod setUp -->
  <testcase classname="com.audit.amaxinsurance.testcases.UnderwritinPortalLogInTest" name="@AfterMethod tearDown" time="-1.641241790814E9">
    <skipped/>
  </testcase> <!-- @AfterMethod tearDown -->
  <testcase classname="com.ilead.amaxinsurance.testcases.AgentLoginPageTest" name="@BeforeMethod setUp" time="0.005">
    <failure type="java.lang.IllegalStateException" message="The driver executable does not exist: C:\browserdrivers\chromedriver.exe">
      <![CDATA[java.lang.IllegalStateException: The driver executable does not exist: C:\browserdrivers\chromedriver.exe
at com.google.common.base.Preconditions.checkState(Preconditions.java:585)
at org.openqa.selenium.remote.service.DriverService.checkExecutable(DriverService.java:146)
at org.openqa.selenium.remote.service.DriverService.findExecutable(DriverService.java:141)
at org.openqa.selenium.chrome.ChromeDriverService.access$000(ChromeDriverService.java:35)
at org.openqa.selenium.chrome.ChromeDriverService$Builder.findDefaultExecutable(ChromeDriverService.java:159)
at org.openqa.selenium.remote.service.DriverService$Builder.build(DriverService.java:355)
at org.openqa.selenium.chrome.ChromeDriverService.createDefaultService(ChromeDriverService.java:94)
at org.openqa.selenium.chrome.ChromeDriver.<init>(ChromeDriver.java:123)
at com.ilead.amaxinsurance.testcases.AgentLoginPageTest.setUp(AgentLoginPageTest.java:21)
at java.base/java.util.ArrayList.forEach(ArrayList.java:1541)
... Removed 36 stack frames]]>
    </failure>
  </testcase> <!-- @BeforeMethod setUp -->
  <testcase classname="com.ilead.amaxinsurance.testcases.AgentLoginPageTest" name="@AfterMethod tearDown" time="-1.641241790819E9">
    <skipped/>
  </testcase> <!-- @AfterMethod tearDown -->
  <testcase classname="com.ilead.amaxinsurance.testcases.AgentLoginPageTest" name="@BeforeMethod setUp" time="-1.641241790821E9">
    <skipped/>
  </testcase> <!-- @BeforeMethod setUp -->
  <testcase classname="com.ilead.amaxinsurance.testcases.AgentLoginPageTest" name="@AfterMethod tearDown" time="-1.641241790821E9">
    <skipped/>
  </testcase> <!-- @AfterMethod tearDown -->
  <testcase classname="com.licensing.amaxinsurance.testcases.VerifyLoginsTests" name="@BeforeMethod setUp" time="0.005">
    <failure type="java.lang.IllegalStateException" message="The driver executable does not exist: C:\browserdrivers\chromedriver.exe">
      <![CDATA[java.lang.IllegalStateException: The driver executable does not exist: C:\browserdrivers\chromedriver.exe
at com.google.common.base.Preconditions.checkState(Preconditions.java:585)
at org.openqa.selenium.remote.service.DriverService.checkExecutable(DriverService.java:146)
at org.openqa.selenium.remote.service.DriverService.findExecutable(DriverService.java:141)
at org.openqa.selenium.chrome.ChromeDriverService.access$000(ChromeDriverService.java:35)
at org.openqa.selenium.chrome.ChromeDriverService$Builder.findDefaultExecutable(ChromeDriverService.java:159)
at org.openqa.selenium.remote.service.DriverService$Builder.build(DriverService.java:355)
at org.openqa.selenium.chrome.ChromeDriverService.createDefaultService(ChromeDriverService.java:94)
at org.openqa.selenium.chrome.ChromeDriver.<init>(ChromeDriver.java:123)
at com.licensing.amaxinsurance.testcases.VerifyLoginsTests.setUp(VerifyLoginsTests.java:26)
at java.base/java.util.ArrayList.forEach(ArrayList.java:1541)
... Removed 36 stack frames]]>
    </failure>
  </testcase> <!-- @BeforeMethod setUp -->
  <testcase classname="com.licensing.amaxinsurance.testcases.VerifyLoginsTests" name="@AfterMethod tearDown" time="-1.641241790826E9">
    <skipped/>
  </testcase> <!-- @AfterMethod tearDown -->
  <testcase classname="com.licensing.amaxinsurance.testcases.VerifyLoginsTests" name="@BeforeMethod setUp" time="-1.641241790827E9">
    <skipped/>
  </testcase> <!-- @BeforeMethod setUp -->
  <testcase classname="com.licensing.amaxinsurance.testcases.VerifyLoginsTests" name="@AfterMethod tearDown" time="-1.641241790827E9">
    <skipped/>
  </testcase> <!-- @AfterMethod tearDown -->
  <testcase classname="com.licensing.amaxinsurance.testcases.VerifyLoginsTests" name="@BeforeMethod setUp" time="-1.641241790827E9">
    <skipped/>
  </testcase> <!-- @BeforeMethod setUp -->
  <testcase classname="com.licensing.amaxinsurance.testcases.VerifyLoginsTests" name="@AfterMethod tearDown" time="-1.641241790827E9">
    <skipped/>
  </testcase> <!-- @AfterMethod tearDown -->
  <testcase classname="com.licensing.amaxinsurance.testcases.VerifyLoginsTests" name="@BeforeMethod setUp" time="-1.641241790827E9">
    <skipped/>
  </testcase> <!-- @BeforeMethod setUp -->
  <testcase classname="com.licensing.amaxinsurance.testcases.VerifyLoginsTests" name="@AfterMethod tearDown" time="-1.641241790828E9">
    <skipped/>
  </testcase> <!-- @AfterMethod tearDown -->
  <testcase classname="com.powerbi.amaxinsurance.testcases.MaxBiUpAndRunningTest" name="@BeforeMethod setUp" time="0.005">
    <failure type="java.lang.IllegalStateException" message="The driver executable does not exist: C:\browserdrivers\chromedriver.exe">
      <![CDATA[java.lang.IllegalStateException: The driver executable does not exist: C:\browserdrivers\chromedriver.exe
at com.google.common.base.Preconditions.checkState(Preconditions.java:585)
at org.openqa.selenium.remote.service.DriverService.checkExecutable(DriverService.java:146)
at org.openqa.selenium.remote.service.DriverService.findExecutable(DriverService.java:141)
at org.openqa.selenium.chrome.ChromeDriverService.access$000(ChromeDriverService.java:35)
at org.openqa.selenium.chrome.ChromeDriverService$Builder.findDefaultExecutable(ChromeDriverService.java:159)
at org.openqa.selenium.remote.service.DriverService$Builder.build(DriverService.java:355)
at org.openqa.selenium.chrome.ChromeDriverService.createDefaultService(ChromeDriverService.java:94)
at org.openqa.selenium.chrome.ChromeDriver.<init>(ChromeDriver.java:123)
at com.powerbi.amaxinsurance.testcases.MaxBiUpAndRunningTest.setUp(MaxBiUpAndRunningTest.java:23)
at java.base/java.util.ArrayList.forEach(ArrayList.java:1541)
... Removed 36 stack frames]]>
    </failure>
  </testcase> <!-- @BeforeMethod setUp -->
  <testcase classname="com.powerbi.amaxinsurance.testcases.MaxBiUpAndRunningTest" name="@AfterMethod tearDown" time="-1.641241790833E9">
    <skipped/>
  </testcase> <!-- @AfterMethod tearDown -->
  <testcase classname="com.powerbi.amaxinsurance.testcases.MaxBiUpAndRunningTest" name="@BeforeMethod setUp" time="-1.641241790833E9">
    <skipped/>
  </testcase> <!-- @BeforeMethod setUp -->
  <testcase classname="com.powerbi.amaxinsurance.testcases.MaxBiUpAndRunningTest" name="@AfterMethod tearDown" time="-1.641241790834E9">
    <skipped/>
  </testcase> <!-- @AfterMethod tearDown -->
  <testcase classname="com.quote.amaxinsurance.testcases.GetQuoteDriversLicenseInputTest" name="@BeforeMethod setUp" time="0.0">
    <failure type="java.lang.NullPointerException">
      <![CDATA[java.lang.NullPointerException
at com.amaxweb.base.TestBase.initialization(TestBase.java:47)
at com.quote.amaxinsurance.testcases.GetQuoteDriversLicenseInputTest.setUp(GetQuoteDriversLicenseInputTest.java:20)
at java.base/java.util.ArrayList.forEach(ArrayList.java:1541)
... Removed 36 stack frames]]>
    </failure>
  </testcase> <!-- @BeforeMethod setUp -->
  <testcase classname="com.quote.amaxinsurance.testcases.GetQuoteDriversLicenseInputTest" name="@AfterMethod tearDown" time="-1.641241790834E9">
    <skipped/>
  </testcase> <!-- @AfterMethod tearDown -->
  <testcase classname="com.quote.amaxinsurance.testcases.GetQuoteManuallyTest" name="@BeforeMethod setUp" time="0.001">
    <failure type="java.lang.NullPointerException">
      <![CDATA[java.lang.NullPointerException
at com.amaxweb.base.TestBase.initialization(TestBase.java:47)
at com.quote.amaxinsurance.testcases.GetQuoteManuallyTest.setUp(GetQuoteManuallyTest.java:20)
at java.base/java.util.ArrayList.forEach(ArrayList.java:1541)
... Removed 36 stack frames]]>
    </failure>
  </testcase> <!-- @BeforeMethod setUp -->
  <testcase classname="com.quote.amaxinsurance.testcases.GetQuoteManuallyTest" name="@AfterMethod tearDown" time="-1.641241790835E9">
    <skipped/>
  </testcase> <!-- @AfterMethod tearDown -->
  <testcase classname="com.ref.amaxinsurance.winback.testcases.PageTitleTest" name="@BeforeMethod setUp" time="0.005">
    <failure type="java.lang.IllegalStateException" message="The driver executable does not exist: C:\browserdrivers\chromedriver.exe">
      <![CDATA[java.lang.IllegalStateException: The driver executable does not exist: C:\browserdrivers\chromedriver.exe
at com.google.common.base.Preconditions.checkState(Preconditions.java:585)
at org.openqa.selenium.remote.service.DriverService.checkExecutable(DriverService.java:146)
at org.openqa.selenium.remote.service.DriverService.findExecutable(DriverService.java:141)
at org.openqa.selenium.chrome.ChromeDriverService.access$000(ChromeDriverService.java:35)
at org.openqa.selenium.chrome.ChromeDriverService$Builder.findDefaultExecutable(ChromeDriverService.java:159)
at org.openqa.selenium.remote.service.DriverService$Builder.build(DriverService.java:355)
at org.openqa.selenium.chrome.ChromeDriverService.createDefaultService(ChromeDriverService.java:94)
at org.openqa.selenium.chrome.ChromeDriver.<init>(ChromeDriver.java:123)
at com.ref.amaxinsurance.winback.testcases.PageTitleTest.setUp(PageTitleTest.java:21)
at java.base/java.util.ArrayList.forEach(ArrayList.java:1541)
... Removed 36 stack frames]]>
    </failure>
  </testcase> <!-- @BeforeMethod setUp -->
  <testcase classname="com.ref.amaxinsurance.winback.testcases.PageTitleTest" name="@AfterMethod tearDown" time="-1.64124179084E9">
    <skipped/>
  </testcase> <!-- @AfterMethod tearDown -->
  <testcase classname="com.amaxinc.web.budget.testcases.BudgetAndVarianceHomePageTest" name="getPageTitleTest" time="0.0">
    <skipped/>
  </testcase> <!-- getPageTitleTest -->
  <testcase classname="com.amaxinsurance.testcases.aboutamax.CareersPageTitleTest" name="verifyCarreersPageTitletest" time="0.0">
    <skipped/>
  </testcase> <!-- verifyCarreersPageTitletest -->
  <testcase classname="com.amaxinsurance.testcases.aboutamax.FAQsPageTitleTest" name="verifyfAQsPageTitletest" time="0.0">
    <skipped/>
  </testcase> <!-- verifyfAQsPageTitletest -->
  <testcase classname="com.amaxinsurance.testcases.aboutamax.NewsAndEventsPageTitleTest" name="verifyNewsAndEventsPageTitleTest" time="0.0">
    <skipped/>
  </testcase> <!-- verifyNewsAndEventsPageTitleTest -->
  <testcase classname="com.amaxinsurance.testcases.aboutamax.OurCompanyPageTitleTest" name="verifyOurCompanyPageTitleTest" time="0.0">
    <skipped/>
  </testcase> <!-- verifyOurCompanyPageTitleTest -->
  <testcase classname="com.amaxinsurance.testcases.BoatsAndWatercraftQuotePageTitleTest" name="verifyBoatsAndWCPageTitletest" time="0.0">
    <skipped/>
  </testcase> <!-- verifyBoatsAndWCPageTitletest -->
  <testcase classname="com.amaxinsurance.testcases.CommercialAutoQuotePageTitleTest" name="verifycommAutoPageTitleTest" time="0.0">
    <skipped/>
  </testcase> <!-- verifycommAutoPageTitleTest -->
  <testcase classname="com.amaxinsurance.testcases.ContactUsPageTitleTest" name="verifyContactUsPageTitletest" time="0.0">
    <skipped/>
  </testcase> <!-- verifyContactUsPageTitletest -->
  <testcase classname="com.amaxinsurance.testcases.FindAnOfficePageTest" name="verifyFindAnOfficeTitleTest" time="0.0">
    <skipped/>
  </testcase> <!-- verifyFindAnOfficeTitleTest -->
  <testcase classname="com.amaxinsurance.testcases.GeneralLiabilityQuotePageTitleTest" name="verifyGeneralLiabilityQuotePageTitleTest" time="0.0">
    <skipped/>
  </testcase> <!-- verifyGeneralLiabilityQuotePageTitleTest -->
  <testcase classname="com.amaxinsurance.testcases.HomeownersQuotepageTitleTest" name="verifyHomeownersQuotepageTitleTest" time="0.0">
    <skipped/>
  </testcase> <!-- verifyHomeownersQuotepageTitleTest -->
  <testcase classname="com.amaxinsurance.testcases.MakeAClaimPageTest" name="verifyMakeAClaimPageTitleTest" time="0.0">
    <skipped/>
  </testcase> <!-- verifyMakeAClaimPageTitleTest -->
  <testcase classname="com.amaxinsurance.testcases.MakeAPaymentPageTest" name="verifyMakeAPaymentPageTitleTest" time="0.0">
    <skipped/>
  </testcase> <!-- verifyMakeAPaymentPageTitleTest -->
  <testcase classname="com.amaxinsurance.testcases.MexicoTouristQuotePageTitleTest" name="verifyMexicoTouristQuotePageTitleTest" time="0.0">
    <skipped/>
  </testcase> <!-- verifyMexicoTouristQuotePageTitleTest -->
  <testcase classname="com.amaxinsurance.testcases.MobileHomeQuotePageTitleTest" name="verifyMobileHomeQuotePageTitleTest" time="0.0">
    <skipped/>
  </testcase> <!-- verifyMobileHomeQuotePageTitleTest -->
  <testcase classname="com.amaxinsurance.testcases.MotorcycleQuotePageTest" name="verifyMotorcyclePageTitleTest" time="0.0">
    <skipped/>
  </testcase> <!-- verifyMotorcyclePageTitleTest -->
  <testcase classname="com.amaxinsurance.testcases.NotaryServicesQuotePageTitleTest" name="verifyNotaryServicesQuotePageTitleTest" time="0.0">
    <skipped/>
  </testcase> <!-- verifyNotaryServicesQuotePageTitleTest -->
  <testcase classname="com.amaxinsurance.testcases.ReferralPageTest" name="homePageTitleTest" time="0.0">
    <skipped/>
  </testcase> <!-- homePageTitleTest -->
  <testcase classname="com.amaxinsurance.testcases.RentersQuotePageTitleTest" name="verifyRentersQuotepageTitleTest" time="0.0">
    <skipped/>
  </testcase> <!-- verifyRentersQuotepageTitleTest -->
  <testcase classname="com.amaxinsurance.testcases.RVQuotePageTitleTest" name="verifyRVQuotePageTitleTest" time="0.0">
    <skipped/>
  </testcase> <!-- verifyRVQuotePageTitleTest -->
  <testcase classname="com.amaxinsurance.testcases.Sr22QuotePageTitleTest" name="verifySr22QuotePageTitleTest" time="0.0">
    <skipped/>
  </testcase> <!-- verifySr22QuotePageTitleTest -->
  <testcase classname="com.amaxinsurance.testcases.SuretyBondQuotePageTitleTest" name="verifySuretyBondQuotePageTitleTest" time="0.0">
    <skipped/>
  </testcase> <!-- verifySuretyBondQuotePageTitleTest -->
  <testcase classname="com.audit.amaxinsurance.testcases.UnderwritinPortalLogInTest" name="checkUnderWritingPageTitleTest" time="0.0">
    <skipped/>
  </testcase> <!-- checkUnderWritingPageTitleTest -->
  <testcase classname="com.audit.amaxinsurance.testcases.UnderwritinPortalLogInTest" name="loginUnderWritingPortalTest" time="0.0">
    <skipped/>
  </testcase> <!-- loginUnderWritingPortalTest -->
  <testcase classname="com.ilead.amaxinsurance.testcases.AgentLoginPageTest" name="verifyIleadAgentPageTitleTest" time="0.0">
    <skipped/>
  </testcase> <!-- verifyIleadAgentPageTitleTest -->
  <testcase classname="com.ilead.amaxinsurance.testcases.AgentLoginPageTest" name="verifyIleadLoginPageTitleTest" time="0.0">
    <skipped/>
  </testcase> <!-- verifyIleadLoginPageTitleTest -->
  <testcase classname="com.licensing.amaxinsurance.testcases.VerifyLoginsTests" name="loginAgentTest" time="0.0">
    <skipped/>
  </testcase> <!-- loginAgentTest -->
  <testcase classname="com.licensing.amaxinsurance.testcases.VerifyLoginsTests" name="loginHRTest" time="0.0">
    <skipped/>
  </testcase> <!-- loginHRTest -->
  <testcase classname="com.licensing.amaxinsurance.testcases.VerifyLoginsTests" name="loginLDTest" time="0.0">
    <skipped/>
  </testcase> <!-- loginLDTest -->
  <testcase classname="com.licensing.amaxinsurance.testcases.VerifyLoginsTests" name="loginSystemAdminTest" time="0.0">
    <skipped/>
  </testcase> <!-- loginSystemAdminTest -->
  <testcase classname="com.powerbi.amaxinsurance.testcases.MaxBiUpAndRunningTest" name="verifyLiveDataUpAndRunningTest" time="0.0">
    <skipped/>
  </testcase> <!-- verifyLiveDataUpAndRunningTest -->
  <testcase classname="com.powerbi.amaxinsurance.testcases.MaxBiUpAndRunningTest" name="verifyLogInTest" time="0.0">
    <skipped/>
  </testcase> <!-- verifyLogInTest -->
  <testcase classname="com.quote.amaxinsurance.testcases.GetQuoteDriversLicenseInputTest" name="getQuoteWithDriversLicenseTest" time="0.0">
    <skipped/>
  </testcase> <!-- getQuoteWithDriversLicenseTest -->
  <testcase classname="com.quote.amaxinsurance.testcases.GetQuoteManuallyTest" name="getQuoteManuallyTest" time="0.0">
    <skipped/>
  </testcase> <!-- getQuoteManuallyTest -->
  <testcase classname="com.ref.amaxinsurance.winback.testcases.PageTitleTest" name="pageTitleWinbackTest" time="0.0">
    <skipped/>
  </testcase> <!-- pageTitleWinbackTest -->
  <testcase classname="com.amaxinsurance.testcases.HomePageTest" name="homePageTitleTest" time="0.0">
    <ignored/>
  </testcase> <!-- homePageTitleTest -->
</testsuite> <!-- Surefire test -->
