<!DOCTYPE html>

<html>
  <head>
  <meta charset='utf-8'>
  <title>TestNG reports</title>

    <link type="text/css" href="testng-reports1.css" rel="stylesheet" id="ultra" />
    <link type="text/css" href="testng-reports.css" rel="stylesheet" id="retro" disabled="false"/>
    <script type="text/javascript" src="jquery.min.js"></script>
    <script type="text/javascript" src="testng-reports.js"></script>
    <script type="text/javascript" src="https://www.google.com/jsapi"></script>
    <script type='text/javascript'>
      google.load('visualization', '1', {packages:['table']});
      google.setOnLoadCallback(drawTable);
      var suiteTableInitFunctions = new Array();
      var suiteTableData = new Array();
    </script>
    <!--
      <script type="text/javascript" src="jquery-ui/js/jquery-ui-1.8.16.custom.min.js"></script>
     -->
  </head>

  <body>
    <div class="top-banner-root">
      <span class="top-banner-title-font">Test results</span>
      <button id="button" class="button">Switch Retro Theme</button> <!-- button -->
      <br/>
      <span class="top-banner-font-1">1 suite</span>
    </div> <!-- top-banner-root -->
    <div class="navigator-root">
      <div class="navigator-suite-header">
        <span>All suites</span>
        <a href="#" title="Collapse/expand all the suites" class="collapse-all-link">
          <img src="collapseall.gif" class="collapse-all-icon">
          </img> <!-- collapse-all-icon -->
        </a> <!-- collapse-all-link -->
      </div> <!-- navigator-suite-header -->
      <div class="suite">
        <div class="rounded-window">
          <div class="suite-header light-rounded-window-top">
            <a href="#" panel-name="suite-Surefire_suite" class="navigator-link">
              <span class="suite-name border-skipped">Surefire suite</span>
            </a> <!-- navigator-link -->
          </div> <!-- suite-header light-rounded-window-top -->
          <div class="navigator-suite-content">
            <div class="suite-section-title">
              <span>Info</span>
            </div> <!-- suite-section-title -->
            <div class="suite-section-content">
              <ul>
                <li>
                  <a href="#" panel-name="test-xml-Surefire_suite" class="navigator-link ">
                    <span>[unset file name]</span>
                  </a> <!-- navigator-link  -->
                </li>
                <li>
                  <a href="#" panel-name="testlist-Surefire_suite" class="navigator-link ">
                    <span class="test-stats">1 test</span>
                  </a> <!-- navigator-link  -->
                </li>
                <li>
                  <a href="#" panel-name="group-Surefire_suite" class="navigator-link ">
                    <span>0 groups</span>
                  </a> <!-- navigator-link  -->
                </li>
                <li>
                  <a href="#" panel-name="times-Surefire_suite" class="navigator-link ">
                    <span>Times</span>
                  </a> <!-- navigator-link  -->
                </li>
                <li>
                  <a href="#" panel-name="reporter-Surefire_suite" class="navigator-link ">
                    <span>Reporter output</span>
                  </a> <!-- navigator-link  -->
                </li>
                <li>
                  <a href="#" panel-name="ignored-methods-Surefire_suite" class="navigator-link ">
                    <span>Ignored methods</span>
                  </a> <!-- navigator-link  -->
                </li>
                <li>
                  <a href="#" panel-name="chronological-Surefire_suite" class="navigator-link ">
                    <span>Chronological view</span>
                  </a> <!-- navigator-link  -->
                </li>
              </ul>
            </div> <!-- suite-section-content -->
            <div class="result-section">
              <div class="suite-section-title">
                <span>Results</span>
              </div> <!-- suite-section-title -->
              <div class="suite-section-content">
                <ul>
                  <li>
                    <span class="method-stats">35 methods,  35 skipped,  </span>
                  </li>
                  <li>
                    <span class="method-list-title skipped">Skipped methods</span>
                    <span class="show-or-hide-methods skipped">
                      <a href="#" panel-name="suite-Surefire_suite" class="hide-methods skipped suite-Surefire_suite"> (hide)</a> <!-- hide-methods skipped suite-Surefire_suite -->
                      <a href="#" panel-name="suite-Surefire_suite" class="show-methods skipped suite-Surefire_suite"> (show)</a> <!-- show-methods skipped suite-Surefire_suite -->
                    </span>
                    <div class="method-list-content skipped suite-Surefire_suite">
                      <span>
                        <img src="skipped.png" width="3%"/>
                        <a href="#" panel-name="suite-Surefire_suite" title="com.audit.amaxinsurance.testcases.UnderwritinPortalLogInTest" class="method navigator-link" hash-for-method="checkUnderWritingPageTitleTest">checkUnderWritingPageTitleTest</a> <!-- method navigator-link -->
                      </span>
                      <br/>
                      <span>
                        <img src="skipped.png" width="3%"/>
                        <a href="#" panel-name="suite-Surefire_suite" title="com.amaxinc.web.budget.testcases.BudgetAndVarianceHomePageTest" class="method navigator-link" hash-for-method="getPageTitleTest">getPageTitleTest</a> <!-- method navigator-link -->
                      </span>
                      <br/>
                      <span>
                        <img src="skipped.png" width="3%"/>
                        <a href="#" panel-name="suite-Surefire_suite" title="com.quote.amaxinsurance.testcases.GetQuoteManuallyTest" class="method navigator-link" hash-for-method="getQuoteManuallyTest">getQuoteManuallyTest</a> <!-- method navigator-link -->
                      </span>
                      <br/>
                      <span>
                        <img src="skipped.png" width="3%"/>
                        <a href="#" panel-name="suite-Surefire_suite" title="com.quote.amaxinsurance.testcases.GetQuoteDriversLicenseInputTest" class="method navigator-link" hash-for-method="getQuoteWithDriversLicenseTest">getQuoteWithDriversLicenseTest</a> <!-- method navigator-link -->
                      </span>
                      <br/>
                      <span>
                        <img src="skipped.png" width="3%"/>
                        <a href="#" panel-name="suite-Surefire_suite" title="com.amaxinsurance.testcases.ReferralPageTest" class="method navigator-link" hash-for-method="homePageTitleTest">homePageTitleTest</a> <!-- method navigator-link -->
                      </span>
                      <br/>
                      <span>
                        <img src="skipped.png" width="3%"/>
                        <a href="#" panel-name="suite-Surefire_suite" title="com.licensing.amaxinsurance.testcases.VerifyLoginsTests" class="method navigator-link" hash-for-method="loginAgentTest">loginAgentTest</a> <!-- method navigator-link -->
                      </span>
                      <br/>
                      <span>
                        <img src="skipped.png" width="3%"/>
                        <a href="#" panel-name="suite-Surefire_suite" title="com.licensing.amaxinsurance.testcases.VerifyLoginsTests" class="method navigator-link" hash-for-method="loginHRTest">loginHRTest</a> <!-- method navigator-link -->
                      </span>
                      <br/>
                      <span>
                        <img src="skipped.png" width="3%"/>
                        <a href="#" panel-name="suite-Surefire_suite" title="com.licensing.amaxinsurance.testcases.VerifyLoginsTests" class="method navigator-link" hash-for-method="loginLDTest">loginLDTest</a> <!-- method navigator-link -->
                      </span>
                      <br/>
                      <span>
                        <img src="skipped.png" width="3%"/>
                        <a href="#" panel-name="suite-Surefire_suite" title="com.licensing.amaxinsurance.testcases.VerifyLoginsTests" class="method navigator-link" hash-for-method="loginSystemAdminTest">loginSystemAdminTest</a> <!-- method navigator-link -->
                      </span>
                      <br/>
                      <span>
                        <img src="skipped.png" width="3%"/>
                        <a href="#" panel-name="suite-Surefire_suite" title="com.audit.amaxinsurance.testcases.UnderwritinPortalLogInTest" class="method navigator-link" hash-for-method="loginUnderWritingPortalTest">loginUnderWritingPortalTest</a> <!-- method navigator-link -->
                      </span>
                      <br/>
                      <span>
                        <img src="skipped.png" width="3%"/>
                        <a href="#" panel-name="suite-Surefire_suite" title="com.ref.amaxinsurance.winback.testcases.PageTitleTest" class="method navigator-link" hash-for-method="pageTitleWinbackTest">pageTitleWinbackTest</a> <!-- method navigator-link -->
                      </span>
                      <br/>
                      <span>
                        <img src="skipped.png" width="3%"/>
                        <a href="#" panel-name="suite-Surefire_suite" title="com.amaxinsurance.testcases.BoatsAndWatercraftQuotePageTitleTest" class="method navigator-link" hash-for-method="verifyBoatsAndWCPageTitletest">verifyBoatsAndWCPageTitletest</a> <!-- method navigator-link -->
                      </span>
                      <br/>
                      <span>
                        <img src="skipped.png" width="3%"/>
                        <a href="#" panel-name="suite-Surefire_suite" title="com.amaxinsurance.testcases.aboutamax.CareersPageTitleTest" class="method navigator-link" hash-for-method="verifyCarreersPageTitletest">verifyCarreersPageTitletest</a> <!-- method navigator-link -->
                      </span>
                      <br/>
                      <span>
                        <img src="skipped.png" width="3%"/>
                        <a href="#" panel-name="suite-Surefire_suite" title="com.amaxinsurance.testcases.ContactUsPageTitleTest" class="method navigator-link" hash-for-method="verifyContactUsPageTitletest">verifyContactUsPageTitletest</a> <!-- method navigator-link -->
                      </span>
                      <br/>
                      <span>
                        <img src="skipped.png" width="3%"/>
                        <a href="#" panel-name="suite-Surefire_suite" title="com.amaxinsurance.testcases.FindAnOfficePageTest" class="method navigator-link" hash-for-method="verifyFindAnOfficeTitleTest">verifyFindAnOfficeTitleTest</a> <!-- method navigator-link -->
                      </span>
                      <br/>
                      <span>
                        <img src="skipped.png" width="3%"/>
                        <a href="#" panel-name="suite-Surefire_suite" title="com.amaxinsurance.testcases.GeneralLiabilityQuotePageTitleTest" class="method navigator-link" hash-for-method="verifyGeneralLiabilityQuotePageTitleTest">verifyGeneralLiabilityQuotePageTitleTest</a> <!-- method navigator-link -->
                      </span>
                      <br/>
                      <span>
                        <img src="skipped.png" width="3%"/>
                        <a href="#" panel-name="suite-Surefire_suite" title="com.amaxinsurance.testcases.HomeownersQuotepageTitleTest" class="method navigator-link" hash-for-method="verifyHomeownersQuotepageTitleTest">verifyHomeownersQuotepageTitleTest</a> <!-- method navigator-link -->
                      </span>
                      <br/>
                      <span>
                        <img src="skipped.png" width="3%"/>
                        <a href="#" panel-name="suite-Surefire_suite" title="com.ilead.amaxinsurance.testcases.AgentLoginPageTest" class="method navigator-link" hash-for-method="verifyIleadAgentPageTitleTest">verifyIleadAgentPageTitleTest</a> <!-- method navigator-link -->
                      </span>
                      <br/>
                      <span>
                        <img src="skipped.png" width="3%"/>
                        <a href="#" panel-name="suite-Surefire_suite" title="com.ilead.amaxinsurance.testcases.AgentLoginPageTest" class="method navigator-link" hash-for-method="verifyIleadLoginPageTitleTest">verifyIleadLoginPageTitleTest</a> <!-- method navigator-link -->
                      </span>
                      <br/>
                      <span>
                        <img src="skipped.png" width="3%"/>
                        <a href="#" panel-name="suite-Surefire_suite" title="com.powerbi.amaxinsurance.testcases.MaxBiUpAndRunningTest" class="method navigator-link" hash-for-method="verifyLiveDataUpAndRunningTest">verifyLiveDataUpAndRunningTest</a> <!-- method navigator-link -->
                      </span>
                      <br/>
                      <span>
                        <img src="skipped.png" width="3%"/>
                        <a href="#" panel-name="suite-Surefire_suite" title="com.powerbi.amaxinsurance.testcases.MaxBiUpAndRunningTest" class="method navigator-link" hash-for-method="verifyLogInTest">verifyLogInTest</a> <!-- method navigator-link -->
                      </span>
                      <br/>
                      <span>
                        <img src="skipped.png" width="3%"/>
                        <a href="#" panel-name="suite-Surefire_suite" title="com.amaxinsurance.testcases.MakeAClaimPageTest" class="method navigator-link" hash-for-method="verifyMakeAClaimPageTitleTest">verifyMakeAClaimPageTitleTest</a> <!-- method navigator-link -->
                      </span>
                      <br/>
                      <span>
                        <img src="skipped.png" width="3%"/>
                        <a href="#" panel-name="suite-Surefire_suite" title="com.amaxinsurance.testcases.MakeAPaymentPageTest" class="method navigator-link" hash-for-method="verifyMakeAPaymentPageTitleTest">verifyMakeAPaymentPageTitleTest</a> <!-- method navigator-link -->
                      </span>
                      <br/>
                      <span>
                        <img src="skipped.png" width="3%"/>
                        <a href="#" panel-name="suite-Surefire_suite" title="com.amaxinsurance.testcases.MexicoTouristQuotePageTitleTest" class="method navigator-link" hash-for-method="verifyMexicoTouristQuotePageTitleTest">verifyMexicoTouristQuotePageTitleTest</a> <!-- method navigator-link -->
                      </span>
                      <br/>
                      <span>
                        <img src="skipped.png" width="3%"/>
                        <a href="#" panel-name="suite-Surefire_suite" title="com.amaxinsurance.testcases.MobileHomeQuotePageTitleTest" class="method navigator-link" hash-for-method="verifyMobileHomeQuotePageTitleTest">verifyMobileHomeQuotePageTitleTest</a> <!-- method navigator-link -->
                      </span>
                      <br/>
                      <span>
                        <img src="skipped.png" width="3%"/>
                        <a href="#" panel-name="suite-Surefire_suite" title="com.amaxinsurance.testcases.MotorcycleQuotePageTest" class="method navigator-link" hash-for-method="verifyMotorcyclePageTitleTest">verifyMotorcyclePageTitleTest</a> <!-- method navigator-link -->
                      </span>
                      <br/>
                      <span>
                        <img src="skipped.png" width="3%"/>
                        <a href="#" panel-name="suite-Surefire_suite" title="com.amaxinsurance.testcases.aboutamax.NewsAndEventsPageTitleTest" class="method navigator-link" hash-for-method="verifyNewsAndEventsPageTitleTest">verifyNewsAndEventsPageTitleTest</a> <!-- method navigator-link -->
                      </span>
                      <br/>
                      <span>
                        <img src="skipped.png" width="3%"/>
                        <a href="#" panel-name="suite-Surefire_suite" title="com.amaxinsurance.testcases.NotaryServicesQuotePageTitleTest" class="method navigator-link" hash-for-method="verifyNotaryServicesQuotePageTitleTest">verifyNotaryServicesQuotePageTitleTest</a> <!-- method navigator-link -->
                      </span>
                      <br/>
                      <span>
                        <img src="skipped.png" width="3%"/>
                        <a href="#" panel-name="suite-Surefire_suite" title="com.amaxinsurance.testcases.aboutamax.OurCompanyPageTitleTest" class="method navigator-link" hash-for-method="verifyOurCompanyPageTitleTest">verifyOurCompanyPageTitleTest</a> <!-- method navigator-link -->
                      </span>
                      <br/>
                      <span>
                        <img src="skipped.png" width="3%"/>
                        <a href="#" panel-name="suite-Surefire_suite" title="com.amaxinsurance.testcases.RVQuotePageTitleTest" class="method navigator-link" hash-for-method="verifyRVQuotePageTitleTest">verifyRVQuotePageTitleTest</a> <!-- method navigator-link -->
                      </span>
                      <br/>
                      <span>
                        <img src="skipped.png" width="3%"/>
                        <a href="#" panel-name="suite-Surefire_suite" title="com.amaxinsurance.testcases.RentersQuotePageTitleTest" class="method navigator-link" hash-for-method="verifyRentersQuotepageTitleTest">verifyRentersQuotepageTitleTest</a> <!-- method navigator-link -->
                      </span>
                      <br/>
                      <span>
                        <img src="skipped.png" width="3%"/>
                        <a href="#" panel-name="suite-Surefire_suite" title="com.amaxinsurance.testcases.Sr22QuotePageTitleTest" class="method navigator-link" hash-for-method="verifySr22QuotePageTitleTest">verifySr22QuotePageTitleTest</a> <!-- method navigator-link -->
                      </span>
                      <br/>
                      <span>
                        <img src="skipped.png" width="3%"/>
                        <a href="#" panel-name="suite-Surefire_suite" title="com.amaxinsurance.testcases.SuretyBondQuotePageTitleTest" class="method navigator-link" hash-for-method="verifySuretyBondQuotePageTitleTest">verifySuretyBondQuotePageTitleTest</a> <!-- method navigator-link -->
                      </span>
                      <br/>
                      <span>
                        <img src="skipped.png" width="3%"/>
                        <a href="#" panel-name="suite-Surefire_suite" title="com.amaxinsurance.testcases.CommercialAutoQuotePageTitleTest" class="method navigator-link" hash-for-method="verifycommAutoPageTitleTest">verifycommAutoPageTitleTest</a> <!-- method navigator-link -->
                      </span>
                      <br/>
                      <span>
                        <img src="skipped.png" width="3%"/>
                        <a href="#" panel-name="suite-Surefire_suite" title="com.amaxinsurance.testcases.aboutamax.FAQsPageTitleTest" class="method navigator-link" hash-for-method="verifyfAQsPageTitletest">verifyfAQsPageTitletest</a> <!-- method navigator-link -->
                      </span>
                      <br/>
                    </div> <!-- method-list-content skipped suite-Surefire_suite -->
                  </li>
                </ul>
              </div> <!-- suite-section-content -->
            </div> <!-- result-section -->
          </div> <!-- navigator-suite-content -->
        </div> <!-- rounded-window -->
      </div> <!-- suite -->
    </div> <!-- navigator-root -->
    <div class="wrapper">
      <div class="main-panel-root">
        <div panel-name="suite-Surefire_suite" class="panel Surefire_suite">
          <div class="suite-Surefire_suite-class-skipped">
            <div class="main-panel-header rounded-window-top">
              <img src="skipped.png"/>
              <span class="class-name">com.amaxinsurance.testcases.BoatsAndWatercraftQuotePageTitleTest</span>
            </div> <!-- main-panel-header rounded-window-top -->
            <div class="main-panel-content rounded-window-bottom">
              <div class="method">
                <div class="method-content">
                  <a name="verifyBoatsAndWCPageTitletest">
                  </a> <!-- verifyBoatsAndWCPageTitletest -->
                  <span class="method-name">verifyBoatsAndWCPageTitletest</span>
                  <div class="stack-trace">java.lang.NullPointerException
	at com.amaxweb.base.TestBase.initialization(TestBase.java:47)
	at com.amaxinsurance.testcases.BoatsAndWatercraftQuotePageTitleTest.setUp(BoatsAndWatercraftQuotePageTitleTest.java:21)
	at java.base/java.util.ArrayList.forEach(ArrayList.java:1541)
... Removed 36 stack frames
</div> <!-- stack-trace -->
                </div> <!-- method-content -->
              </div> <!-- method -->
            </div> <!-- main-panel-content rounded-window-bottom -->
          </div> <!-- suite-Surefire_suite-class-skipped -->
          <div class="suite-Surefire_suite-class-skipped">
            <div class="main-panel-header rounded-window-top">
              <img src="skipped.png"/>
              <span class="class-name">com.quote.amaxinsurance.testcases.GetQuoteManuallyTest</span>
            </div> <!-- main-panel-header rounded-window-top -->
            <div class="main-panel-content rounded-window-bottom">
              <div class="method">
                <div class="method-content">
                  <a name="getQuoteManuallyTest">
                  </a> <!-- getQuoteManuallyTest -->
                  <span class="method-name">getQuoteManuallyTest</span>
                  <div class="stack-trace">java.lang.NullPointerException
	at com.amaxweb.base.TestBase.initialization(TestBase.java:47)
	at com.quote.amaxinsurance.testcases.GetQuoteManuallyTest.setUp(GetQuoteManuallyTest.java:20)
	at java.base/java.util.ArrayList.forEach(ArrayList.java:1541)
... Removed 36 stack frames
</div> <!-- stack-trace -->
                </div> <!-- method-content -->
              </div> <!-- method -->
            </div> <!-- main-panel-content rounded-window-bottom -->
          </div> <!-- suite-Surefire_suite-class-skipped -->
          <div class="suite-Surefire_suite-class-skipped">
            <div class="main-panel-header rounded-window-top">
              <img src="skipped.png"/>
              <span class="class-name">com.amaxinsurance.testcases.MakeAClaimPageTest</span>
            </div> <!-- main-panel-header rounded-window-top -->
            <div class="main-panel-content rounded-window-bottom">
              <div class="method">
                <div class="method-content">
                  <a name="verifyMakeAClaimPageTitleTest">
                  </a> <!-- verifyMakeAClaimPageTitleTest -->
                  <span class="method-name">verifyMakeAClaimPageTitleTest</span>
                  <div class="stack-trace">java.lang.NullPointerException
	at com.amaxweb.base.TestBase.initialization(TestBase.java:47)
	at com.amaxinsurance.testcases.MakeAClaimPageTest.setUp(MakeAClaimPageTest.java:21)
	at java.base/java.util.ArrayList.forEach(ArrayList.java:1541)
... Removed 36 stack frames
</div> <!-- stack-trace -->
                </div> <!-- method-content -->
              </div> <!-- method -->
            </div> <!-- main-panel-content rounded-window-bottom -->
          </div> <!-- suite-Surefire_suite-class-skipped -->
          <div class="suite-Surefire_suite-class-skipped">
            <div class="main-panel-header rounded-window-top">
              <img src="skipped.png"/>
              <span class="class-name">com.amaxinsurance.testcases.NotaryServicesQuotePageTitleTest</span>
            </div> <!-- main-panel-header rounded-window-top -->
            <div class="main-panel-content rounded-window-bottom">
              <div class="method">
                <div class="method-content">
                  <a name="verifyNotaryServicesQuotePageTitleTest">
                  </a> <!-- verifyNotaryServicesQuotePageTitleTest -->
                  <span class="method-name">verifyNotaryServicesQuotePageTitleTest</span>
                  <div class="stack-trace">java.lang.NullPointerException
	at com.amaxweb.base.TestBase.initialization(TestBase.java:47)
	at com.amaxinsurance.testcases.NotaryServicesQuotePageTitleTest.setUp(NotaryServicesQuotePageTitleTest.java:17)
	at java.base/java.util.ArrayList.forEach(ArrayList.java:1541)
... Removed 36 stack frames
</div> <!-- stack-trace -->
                </div> <!-- method-content -->
              </div> <!-- method -->
            </div> <!-- main-panel-content rounded-window-bottom -->
          </div> <!-- suite-Surefire_suite-class-skipped -->
          <div class="suite-Surefire_suite-class-skipped">
            <div class="main-panel-header rounded-window-top">
              <img src="skipped.png"/>
              <span class="class-name">com.amaxinsurance.testcases.FindAnOfficePageTest</span>
            </div> <!-- main-panel-header rounded-window-top -->
            <div class="main-panel-content rounded-window-bottom">
              <div class="method">
                <div class="method-content">
                  <a name="verifyFindAnOfficeTitleTest">
                  </a> <!-- verifyFindAnOfficeTitleTest -->
                  <span class="method-name">verifyFindAnOfficeTitleTest</span>
                  <div class="stack-trace">java.lang.NullPointerException
	at com.amaxweb.base.TestBase.initialization(TestBase.java:47)
	at com.amaxinsurance.testcases.FindAnOfficePageTest.setUp(FindAnOfficePageTest.java:24)
	at java.base/java.util.ArrayList.forEach(ArrayList.java:1541)
... Removed 36 stack frames
</div> <!-- stack-trace -->
                </div> <!-- method-content -->
              </div> <!-- method -->
            </div> <!-- main-panel-content rounded-window-bottom -->
          </div> <!-- suite-Surefire_suite-class-skipped -->
          <div class="suite-Surefire_suite-class-skipped">
            <div class="main-panel-header rounded-window-top">
              <img src="skipped.png"/>
              <span class="class-name">com.amaxinsurance.testcases.aboutamax.FAQsPageTitleTest</span>
            </div> <!-- main-panel-header rounded-window-top -->
            <div class="main-panel-content rounded-window-bottom">
              <div class="method">
                <div class="method-content">
                  <a name="verifyfAQsPageTitletest">
                  </a> <!-- verifyfAQsPageTitletest -->
                  <span class="method-name">verifyfAQsPageTitletest</span>
                  <div class="stack-trace">java.lang.NullPointerException
	at com.amaxweb.base.TestBase.initialization(TestBase.java:47)
	at com.amaxinsurance.testcases.aboutamax.FAQsPageTitleTest.setUp(FAQsPageTitleTest.java:22)
	at java.base/java.util.ArrayList.forEach(ArrayList.java:1541)
... Removed 36 stack frames
</div> <!-- stack-trace -->
                </div> <!-- method-content -->
              </div> <!-- method -->
            </div> <!-- main-panel-content rounded-window-bottom -->
          </div> <!-- suite-Surefire_suite-class-skipped -->
          <div class="suite-Surefire_suite-class-skipped">
            <div class="main-panel-header rounded-window-top">
              <img src="skipped.png"/>
              <span class="class-name">com.ilead.amaxinsurance.testcases.AgentLoginPageTest</span>
            </div> <!-- main-panel-header rounded-window-top -->
            <div class="main-panel-content rounded-window-bottom">
              <div class="method">
                <div class="method-content">
                  <a name="verifyIleadAgentPageTitleTest">
                  </a> <!-- verifyIleadAgentPageTitleTest -->
                  <span class="method-name">verifyIleadAgentPageTitleTest</span>
                  <div class="stack-trace">java.lang.IllegalStateException: The driver executable does not exist: C:\browserdrivers\chromedriver.exe
	at com.google.common.base.Preconditions.checkState(Preconditions.java:585)
	at org.openqa.selenium.remote.service.DriverService.checkExecutable(DriverService.java:146)
	at org.openqa.selenium.remote.service.DriverService.findExecutable(DriverService.java:141)
	at org.openqa.selenium.chrome.ChromeDriverService.access$000(ChromeDriverService.java:35)
	at org.openqa.selenium.chrome.ChromeDriverService$Builder.findDefaultExecutable(ChromeDriverService.java:159)
	at org.openqa.selenium.remote.service.DriverService$Builder.build(DriverService.java:355)
	at org.openqa.selenium.chrome.ChromeDriverService.createDefaultService(ChromeDriverService.java:94)
	at org.openqa.selenium.chrome.ChromeDriver.&lt;init&gt;(ChromeDriver.java:123)
	at com.ilead.amaxinsurance.testcases.AgentLoginPageTest.setUp(AgentLoginPageTest.java:21)
	at java.base/java.util.ArrayList.forEach(ArrayList.java:1541)
... Removed 36 stack frames
</div> <!-- stack-trace -->
                </div> <!-- method-content -->
              </div> <!-- method -->
              <div class="method">
                <div class="method-content">
                  <a name="verifyIleadLoginPageTitleTest">
                  </a> <!-- verifyIleadLoginPageTitleTest -->
                  <span class="method-name">verifyIleadLoginPageTitleTest</span>
                  <div class="stack-trace">java.lang.IllegalStateException: The driver executable does not exist: C:\browserdrivers\chromedriver.exe
	at com.google.common.base.Preconditions.checkState(Preconditions.java:585)
	at org.openqa.selenium.remote.service.DriverService.checkExecutable(DriverService.java:146)
	at org.openqa.selenium.remote.service.DriverService.findExecutable(DriverService.java:141)
	at org.openqa.selenium.chrome.ChromeDriverService.access$000(ChromeDriverService.java:35)
	at org.openqa.selenium.chrome.ChromeDriverService$Builder.findDefaultExecutable(ChromeDriverService.java:159)
	at org.openqa.selenium.remote.service.DriverService$Builder.build(DriverService.java:355)
	at org.openqa.selenium.chrome.ChromeDriverService.createDefaultService(ChromeDriverService.java:94)
	at org.openqa.selenium.chrome.ChromeDriver.&lt;init&gt;(ChromeDriver.java:123)
	at com.ilead.amaxinsurance.testcases.AgentLoginPageTest.setUp(AgentLoginPageTest.java:21)
	at java.base/java.util.ArrayList.forEach(ArrayList.java:1541)
... Removed 36 stack frames
</div> <!-- stack-trace -->
                </div> <!-- method-content -->
              </div> <!-- method -->
            </div> <!-- main-panel-content rounded-window-bottom -->
          </div> <!-- suite-Surefire_suite-class-skipped -->
          <div class="suite-Surefire_suite-class-skipped">
            <div class="main-panel-header rounded-window-top">
              <img src="skipped.png"/>
              <span class="class-name">com.amaxinsurance.testcases.GeneralLiabilityQuotePageTitleTest</span>
            </div> <!-- main-panel-header rounded-window-top -->
            <div class="main-panel-content rounded-window-bottom">
              <div class="method">
                <div class="method-content">
                  <a name="verifyGeneralLiabilityQuotePageTitleTest">
                  </a> <!-- verifyGeneralLiabilityQuotePageTitleTest -->
                  <span class="method-name">verifyGeneralLiabilityQuotePageTitleTest</span>
                  <div class="stack-trace">java.lang.NullPointerException
	at com.amaxweb.base.TestBase.initialization(TestBase.java:47)
	at com.amaxinsurance.testcases.GeneralLiabilityQuotePageTitleTest.setUp(GeneralLiabilityQuotePageTitleTest.java:19)
	at java.base/java.util.ArrayList.forEach(ArrayList.java:1541)
... Removed 36 stack frames
</div> <!-- stack-trace -->
                </div> <!-- method-content -->
              </div> <!-- method -->
            </div> <!-- main-panel-content rounded-window-bottom -->
          </div> <!-- suite-Surefire_suite-class-skipped -->
          <div class="suite-Surefire_suite-class-skipped">
            <div class="main-panel-header rounded-window-top">
              <img src="skipped.png"/>
              <span class="class-name">com.amaxinsurance.testcases.MakeAPaymentPageTest</span>
            </div> <!-- main-panel-header rounded-window-top -->
            <div class="main-panel-content rounded-window-bottom">
              <div class="method">
                <div class="method-content">
                  <a name="verifyMakeAPaymentPageTitleTest">
                  </a> <!-- verifyMakeAPaymentPageTitleTest -->
                  <span class="method-name">verifyMakeAPaymentPageTitleTest</span>
                  <div class="stack-trace">java.lang.NullPointerException
	at com.amaxweb.base.TestBase.initialization(TestBase.java:47)
	at com.amaxinsurance.testcases.MakeAPaymentPageTest.setUp(MakeAPaymentPageTest.java:21)
	at java.base/java.util.ArrayList.forEach(ArrayList.java:1541)
... Removed 36 stack frames
</div> <!-- stack-trace -->
                </div> <!-- method-content -->
              </div> <!-- method -->
            </div> <!-- main-panel-content rounded-window-bottom -->
          </div> <!-- suite-Surefire_suite-class-skipped -->
          <div class="suite-Surefire_suite-class-skipped">
            <div class="main-panel-header rounded-window-top">
              <img src="skipped.png"/>
              <span class="class-name">com.amaxinsurance.testcases.MexicoTouristQuotePageTitleTest</span>
            </div> <!-- main-panel-header rounded-window-top -->
            <div class="main-panel-content rounded-window-bottom">
              <div class="method">
                <div class="method-content">
                  <a name="verifyMexicoTouristQuotePageTitleTest">
                  </a> <!-- verifyMexicoTouristQuotePageTitleTest -->
                  <span class="method-name">verifyMexicoTouristQuotePageTitleTest</span>
                  <div class="stack-trace">java.lang.NullPointerException
	at com.amaxweb.base.TestBase.initialization(TestBase.java:47)
	at com.amaxinsurance.testcases.MexicoTouristQuotePageTitleTest.setUp(MexicoTouristQuotePageTitleTest.java:19)
	at java.base/java.util.ArrayList.forEach(ArrayList.java:1541)
... Removed 36 stack frames
</div> <!-- stack-trace -->
                </div> <!-- method-content -->
              </div> <!-- method -->
            </div> <!-- main-panel-content rounded-window-bottom -->
          </div> <!-- suite-Surefire_suite-class-skipped -->
          <div class="suite-Surefire_suite-class-skipped">
            <div class="main-panel-header rounded-window-top">
              <img src="skipped.png"/>
              <span class="class-name">com.amaxinsurance.testcases.Sr22QuotePageTitleTest</span>
            </div> <!-- main-panel-header rounded-window-top -->
            <div class="main-panel-content rounded-window-bottom">
              <div class="method">
                <div class="method-content">
                  <a name="verifySr22QuotePageTitleTest">
                  </a> <!-- verifySr22QuotePageTitleTest -->
                  <span class="method-name">verifySr22QuotePageTitleTest</span>
                  <div class="stack-trace">java.lang.NullPointerException
	at com.amaxweb.base.TestBase.initialization(TestBase.java:47)
	at com.amaxinsurance.testcases.Sr22QuotePageTitleTest.setUp(Sr22QuotePageTitleTest.java:17)
	at java.base/java.util.ArrayList.forEach(ArrayList.java:1541)
... Removed 36 stack frames
</div> <!-- stack-trace -->
                </div> <!-- method-content -->
              </div> <!-- method -->
            </div> <!-- main-panel-content rounded-window-bottom -->
          </div> <!-- suite-Surefire_suite-class-skipped -->
          <div class="suite-Surefire_suite-class-skipped">
            <div class="main-panel-header rounded-window-top">
              <img src="skipped.png"/>
              <span class="class-name">com.amaxinsurance.testcases.RentersQuotePageTitleTest</span>
            </div> <!-- main-panel-header rounded-window-top -->
            <div class="main-panel-content rounded-window-bottom">
              <div class="method">
                <div class="method-content">
                  <a name="verifyRentersQuotepageTitleTest">
                  </a> <!-- verifyRentersQuotepageTitleTest -->
                  <span class="method-name">verifyRentersQuotepageTitleTest</span>
                  <div class="stack-trace">java.lang.NullPointerException
	at com.amaxweb.base.TestBase.initialization(TestBase.java:47)
	at com.amaxinsurance.testcases.RentersQuotePageTitleTest.setUp(RentersQuotePageTitleTest.java:17)
	at java.base/java.util.ArrayList.forEach(ArrayList.java:1541)
... Removed 36 stack frames
</div> <!-- stack-trace -->
                </div> <!-- method-content -->
              </div> <!-- method -->
            </div> <!-- main-panel-content rounded-window-bottom -->
          </div> <!-- suite-Surefire_suite-class-skipped -->
          <div class="suite-Surefire_suite-class-skipped">
            <div class="main-panel-header rounded-window-top">
              <img src="skipped.png"/>
              <span class="class-name">com.amaxinsurance.testcases.RVQuotePageTitleTest</span>
            </div> <!-- main-panel-header rounded-window-top -->
            <div class="main-panel-content rounded-window-bottom">
              <div class="method">
                <div class="method-content">
                  <a name="verifyRVQuotePageTitleTest">
                  </a> <!-- verifyRVQuotePageTitleTest -->
                  <span class="method-name">verifyRVQuotePageTitleTest</span>
                  <div class="stack-trace">java.lang.NullPointerException
	at com.amaxweb.base.TestBase.initialization(TestBase.java:47)
	at com.amaxinsurance.testcases.RVQuotePageTitleTest.setUp(RVQuotePageTitleTest.java:16)
	at java.base/java.util.ArrayList.forEach(ArrayList.java:1541)
... Removed 36 stack frames
</div> <!-- stack-trace -->
                </div> <!-- method-content -->
              </div> <!-- method -->
            </div> <!-- main-panel-content rounded-window-bottom -->
          </div> <!-- suite-Surefire_suite-class-skipped -->
          <div class="suite-Surefire_suite-class-skipped">
            <div class="main-panel-header rounded-window-top">
              <img src="skipped.png"/>
              <span class="class-name">com.amaxinsurance.testcases.SuretyBondQuotePageTitleTest</span>
            </div> <!-- main-panel-header rounded-window-top -->
            <div class="main-panel-content rounded-window-bottom">
              <div class="method">
                <div class="method-content">
                  <a name="verifySuretyBondQuotePageTitleTest">
                  </a> <!-- verifySuretyBondQuotePageTitleTest -->
                  <span class="method-name">verifySuretyBondQuotePageTitleTest</span>
                  <div class="stack-trace">java.lang.NullPointerException
	at com.amaxweb.base.TestBase.initialization(TestBase.java:47)
	at com.amaxinsurance.testcases.SuretyBondQuotePageTitleTest.setUp(SuretyBondQuotePageTitleTest.java:17)
	at java.base/java.util.ArrayList.forEach(ArrayList.java:1541)
... Removed 36 stack frames
</div> <!-- stack-trace -->
                </div> <!-- method-content -->
              </div> <!-- method -->
            </div> <!-- main-panel-content rounded-window-bottom -->
          </div> <!-- suite-Surefire_suite-class-skipped -->
          <div class="suite-Surefire_suite-class-skipped">
            <div class="main-panel-header rounded-window-top">
              <img src="skipped.png"/>
              <span class="class-name">com.amaxinsurance.testcases.ReferralPageTest</span>
            </div> <!-- main-panel-header rounded-window-top -->
            <div class="main-panel-content rounded-window-bottom">
              <div class="method">
                <div class="method-content">
                  <a name="homePageTitleTest">
                  </a> <!-- homePageTitleTest -->
                  <span class="method-name">homePageTitleTest</span>
                  <div class="stack-trace">java.lang.NullPointerException
	at com.amaxweb.base.TestBase.initialization(TestBase.java:47)
	at com.amaxinsurance.testcases.ReferralPageTest.setUp(ReferralPageTest.java:19)
	at java.base/java.util.ArrayList.forEach(ArrayList.java:1541)
... Removed 36 stack frames
</div> <!-- stack-trace -->
                </div> <!-- method-content -->
              </div> <!-- method -->
            </div> <!-- main-panel-content rounded-window-bottom -->
          </div> <!-- suite-Surefire_suite-class-skipped -->
          <div class="suite-Surefire_suite-class-skipped">
            <div class="main-panel-header rounded-window-top">
              <img src="skipped.png"/>
              <span class="class-name">com.ref.amaxinsurance.winback.testcases.PageTitleTest</span>
            </div> <!-- main-panel-header rounded-window-top -->
            <div class="main-panel-content rounded-window-bottom">
              <div class="method">
                <div class="method-content">
                  <a name="pageTitleWinbackTest">
                  </a> <!-- pageTitleWinbackTest -->
                  <span class="method-name">pageTitleWinbackTest</span>
                  <div class="stack-trace">java.lang.IllegalStateException: The driver executable does not exist: C:\browserdrivers\chromedriver.exe
	at com.google.common.base.Preconditions.checkState(Preconditions.java:585)
	at org.openqa.selenium.remote.service.DriverService.checkExecutable(DriverService.java:146)
	at org.openqa.selenium.remote.service.DriverService.findExecutable(DriverService.java:141)
	at org.openqa.selenium.chrome.ChromeDriverService.access$000(ChromeDriverService.java:35)
	at org.openqa.selenium.chrome.ChromeDriverService$Builder.findDefaultExecutable(ChromeDriverService.java:159)
	at org.openqa.selenium.remote.service.DriverService$Builder.build(DriverService.java:355)
	at org.openqa.selenium.chrome.ChromeDriverService.createDefaultService(ChromeDriverService.java:94)
	at org.openqa.selenium.chrome.ChromeDriver.&lt;init&gt;(ChromeDriver.java:123)
	at com.ref.amaxinsurance.winback.testcases.PageTitleTest.setUp(PageTitleTest.java:21)
	at java.base/java.util.ArrayList.forEach(ArrayList.java:1541)
... Removed 36 stack frames
</div> <!-- stack-trace -->
                </div> <!-- method-content -->
              </div> <!-- method -->
            </div> <!-- main-panel-content rounded-window-bottom -->
          </div> <!-- suite-Surefire_suite-class-skipped -->
          <div class="suite-Surefire_suite-class-skipped">
            <div class="main-panel-header rounded-window-top">
              <img src="skipped.png"/>
              <span class="class-name">com.amaxinsurance.testcases.MotorcycleQuotePageTest</span>
            </div> <!-- main-panel-header rounded-window-top -->
            <div class="main-panel-content rounded-window-bottom">
              <div class="method">
                <div class="method-content">
                  <a name="verifyMotorcyclePageTitleTest">
                  </a> <!-- verifyMotorcyclePageTitleTest -->
                  <span class="method-name">verifyMotorcyclePageTitleTest</span>
                  <div class="stack-trace">java.lang.NullPointerException
	at com.amaxweb.base.TestBase.initialization(TestBase.java:47)
	at com.amaxinsurance.testcases.MotorcycleQuotePageTest.setUp(MotorcycleQuotePageTest.java:21)
	at java.base/java.util.ArrayList.forEach(ArrayList.java:1541)
... Removed 36 stack frames
</div> <!-- stack-trace -->
                </div> <!-- method-content -->
              </div> <!-- method -->
            </div> <!-- main-panel-content rounded-window-bottom -->
          </div> <!-- suite-Surefire_suite-class-skipped -->
          <div class="suite-Surefire_suite-class-skipped">
            <div class="main-panel-header rounded-window-top">
              <img src="skipped.png"/>
              <span class="class-name">com.powerbi.amaxinsurance.testcases.MaxBiUpAndRunningTest</span>
            </div> <!-- main-panel-header rounded-window-top -->
            <div class="main-panel-content rounded-window-bottom">
              <div class="method">
                <div class="method-content">
                  <a name="verifyLiveDataUpAndRunningTest">
                  </a> <!-- verifyLiveDataUpAndRunningTest -->
                  <span class="method-name">verifyLiveDataUpAndRunningTest</span>
                  <div class="stack-trace">java.lang.IllegalStateException: The driver executable does not exist: C:\browserdrivers\chromedriver.exe
	at com.google.common.base.Preconditions.checkState(Preconditions.java:585)
	at org.openqa.selenium.remote.service.DriverService.checkExecutable(DriverService.java:146)
	at org.openqa.selenium.remote.service.DriverService.findExecutable(DriverService.java:141)
	at org.openqa.selenium.chrome.ChromeDriverService.access$000(ChromeDriverService.java:35)
	at org.openqa.selenium.chrome.ChromeDriverService$Builder.findDefaultExecutable(ChromeDriverService.java:159)
	at org.openqa.selenium.remote.service.DriverService$Builder.build(DriverService.java:355)
	at org.openqa.selenium.chrome.ChromeDriverService.createDefaultService(ChromeDriverService.java:94)
	at org.openqa.selenium.chrome.ChromeDriver.&lt;init&gt;(ChromeDriver.java:123)
	at com.powerbi.amaxinsurance.testcases.MaxBiUpAndRunningTest.setUp(MaxBiUpAndRunningTest.java:23)
	at java.base/java.util.ArrayList.forEach(ArrayList.java:1541)
... Removed 36 stack frames
</div> <!-- stack-trace -->
                </div> <!-- method-content -->
              </div> <!-- method -->
              <div class="method">
                <div class="method-content">
                  <a name="verifyLogInTest">
                  </a> <!-- verifyLogInTest -->
                  <span class="method-name">verifyLogInTest</span>
                  <div class="stack-trace">java.lang.IllegalStateException: The driver executable does not exist: C:\browserdrivers\chromedriver.exe
	at com.google.common.base.Preconditions.checkState(Preconditions.java:585)
	at org.openqa.selenium.remote.service.DriverService.checkExecutable(DriverService.java:146)
	at org.openqa.selenium.remote.service.DriverService.findExecutable(DriverService.java:141)
	at org.openqa.selenium.chrome.ChromeDriverService.access$000(ChromeDriverService.java:35)
	at org.openqa.selenium.chrome.ChromeDriverService$Builder.findDefaultExecutable(ChromeDriverService.java:159)
	at org.openqa.selenium.remote.service.DriverService$Builder.build(DriverService.java:355)
	at org.openqa.selenium.chrome.ChromeDriverService.createDefaultService(ChromeDriverService.java:94)
	at org.openqa.selenium.chrome.ChromeDriver.&lt;init&gt;(ChromeDriver.java:123)
	at com.powerbi.amaxinsurance.testcases.MaxBiUpAndRunningTest.setUp(MaxBiUpAndRunningTest.java:23)
	at java.base/java.util.ArrayList.forEach(ArrayList.java:1541)
... Removed 36 stack frames
</div> <!-- stack-trace -->
                </div> <!-- method-content -->
              </div> <!-- method -->
            </div> <!-- main-panel-content rounded-window-bottom -->
          </div> <!-- suite-Surefire_suite-class-skipped -->
          <div class="suite-Surefire_suite-class-skipped">
            <div class="main-panel-header rounded-window-top">
              <img src="skipped.png"/>
              <span class="class-name">com.audit.amaxinsurance.testcases.UnderwritinPortalLogInTest</span>
            </div> <!-- main-panel-header rounded-window-top -->
            <div class="main-panel-content rounded-window-bottom">
              <div class="method">
                <div class="method-content">
                  <a name="checkUnderWritingPageTitleTest">
                  </a> <!-- checkUnderWritingPageTitleTest -->
                  <span class="method-name">checkUnderWritingPageTitleTest</span>
                  <div class="stack-trace">java.lang.IllegalStateException: The driver executable does not exist: C:\browserdrivers\chromedriver.exe
	at com.google.common.base.Preconditions.checkState(Preconditions.java:585)
	at org.openqa.selenium.remote.service.DriverService.checkExecutable(DriverService.java:146)
	at org.openqa.selenium.remote.service.DriverService.findExecutable(DriverService.java:141)
	at org.openqa.selenium.chrome.ChromeDriverService.access$000(ChromeDriverService.java:35)
	at org.openqa.selenium.chrome.ChromeDriverService$Builder.findDefaultExecutable(ChromeDriverService.java:159)
	at org.openqa.selenium.remote.service.DriverService$Builder.build(DriverService.java:355)
	at org.openqa.selenium.chrome.ChromeDriverService.createDefaultService(ChromeDriverService.java:94)
	at org.openqa.selenium.chrome.ChromeDriver.&lt;init&gt;(ChromeDriver.java:123)
	at com.audit.amaxinsurance.testcases.UnderwritinPortalLogInTest.setUp(UnderwritinPortalLogInTest.java:23)
	at java.base/java.util.ArrayList.forEach(ArrayList.java:1541)
... Removed 36 stack frames
</div> <!-- stack-trace -->
                </div> <!-- method-content -->
              </div> <!-- method -->
              <div class="method">
                <div class="method-content">
                  <a name="loginUnderWritingPortalTest">
                  </a> <!-- loginUnderWritingPortalTest -->
                  <span class="method-name">loginUnderWritingPortalTest</span>
                  <div class="stack-trace">java.lang.IllegalStateException: The driver executable does not exist: C:\browserdrivers\chromedriver.exe
	at com.google.common.base.Preconditions.checkState(Preconditions.java:585)
	at org.openqa.selenium.remote.service.DriverService.checkExecutable(DriverService.java:146)
	at org.openqa.selenium.remote.service.DriverService.findExecutable(DriverService.java:141)
	at org.openqa.selenium.chrome.ChromeDriverService.access$000(ChromeDriverService.java:35)
	at org.openqa.selenium.chrome.ChromeDriverService$Builder.findDefaultExecutable(ChromeDriverService.java:159)
	at org.openqa.selenium.remote.service.DriverService$Builder.build(DriverService.java:355)
	at org.openqa.selenium.chrome.ChromeDriverService.createDefaultService(ChromeDriverService.java:94)
	at org.openqa.selenium.chrome.ChromeDriver.&lt;init&gt;(ChromeDriver.java:123)
	at com.audit.amaxinsurance.testcases.UnderwritinPortalLogInTest.setUp(UnderwritinPortalLogInTest.java:23)
	at java.base/java.util.ArrayList.forEach(ArrayList.java:1541)
... Removed 36 stack frames
</div> <!-- stack-trace -->
                </div> <!-- method-content -->
              </div> <!-- method -->
            </div> <!-- main-panel-content rounded-window-bottom -->
          </div> <!-- suite-Surefire_suite-class-skipped -->
          <div class="suite-Surefire_suite-class-skipped">
            <div class="main-panel-header rounded-window-top">
              <img src="skipped.png"/>
              <span class="class-name">com.licensing.amaxinsurance.testcases.VerifyLoginsTests</span>
            </div> <!-- main-panel-header rounded-window-top -->
            <div class="main-panel-content rounded-window-bottom">
              <div class="method">
                <div class="method-content">
                  <a name="loginAgentTest">
                  </a> <!-- loginAgentTest -->
                  <span class="method-name">loginAgentTest</span>
                  <div class="stack-trace">java.lang.IllegalStateException: The driver executable does not exist: C:\browserdrivers\chromedriver.exe
	at com.google.common.base.Preconditions.checkState(Preconditions.java:585)
	at org.openqa.selenium.remote.service.DriverService.checkExecutable(DriverService.java:146)
	at org.openqa.selenium.remote.service.DriverService.findExecutable(DriverService.java:141)
	at org.openqa.selenium.chrome.ChromeDriverService.access$000(ChromeDriverService.java:35)
	at org.openqa.selenium.chrome.ChromeDriverService$Builder.findDefaultExecutable(ChromeDriverService.java:159)
	at org.openqa.selenium.remote.service.DriverService$Builder.build(DriverService.java:355)
	at org.openqa.selenium.chrome.ChromeDriverService.createDefaultService(ChromeDriverService.java:94)
	at org.openqa.selenium.chrome.ChromeDriver.&lt;init&gt;(ChromeDriver.java:123)
	at com.licensing.amaxinsurance.testcases.VerifyLoginsTests.setUp(VerifyLoginsTests.java:26)
	at java.base/java.util.ArrayList.forEach(ArrayList.java:1541)
... Removed 36 stack frames
</div> <!-- stack-trace -->
                </div> <!-- method-content -->
              </div> <!-- method -->
              <div class="method">
                <div class="method-content">
                  <a name="loginHRTest">
                  </a> <!-- loginHRTest -->
                  <span class="method-name">loginHRTest</span>
                  <div class="stack-trace">java.lang.IllegalStateException: The driver executable does not exist: C:\browserdrivers\chromedriver.exe
	at com.google.common.base.Preconditions.checkState(Preconditions.java:585)
	at org.openqa.selenium.remote.service.DriverService.checkExecutable(DriverService.java:146)
	at org.openqa.selenium.remote.service.DriverService.findExecutable(DriverService.java:141)
	at org.openqa.selenium.chrome.ChromeDriverService.access$000(ChromeDriverService.java:35)
	at org.openqa.selenium.chrome.ChromeDriverService$Builder.findDefaultExecutable(ChromeDriverService.java:159)
	at org.openqa.selenium.remote.service.DriverService$Builder.build(DriverService.java:355)
	at org.openqa.selenium.chrome.ChromeDriverService.createDefaultService(ChromeDriverService.java:94)
	at org.openqa.selenium.chrome.ChromeDriver.&lt;init&gt;(ChromeDriver.java:123)
	at com.licensing.amaxinsurance.testcases.VerifyLoginsTests.setUp(VerifyLoginsTests.java:26)
	at java.base/java.util.ArrayList.forEach(ArrayList.java:1541)
... Removed 36 stack frames
</div> <!-- stack-trace -->
                </div> <!-- method-content -->
              </div> <!-- method -->
              <div class="method">
                <div class="method-content">
                  <a name="loginLDTest">
                  </a> <!-- loginLDTest -->
                  <span class="method-name">loginLDTest</span>
                  <div class="stack-trace">java.lang.IllegalStateException: The driver executable does not exist: C:\browserdrivers\chromedriver.exe
	at com.google.common.base.Preconditions.checkState(Preconditions.java:585)
	at org.openqa.selenium.remote.service.DriverService.checkExecutable(DriverService.java:146)
	at org.openqa.selenium.remote.service.DriverService.findExecutable(DriverService.java:141)
	at org.openqa.selenium.chrome.ChromeDriverService.access$000(ChromeDriverService.java:35)
	at org.openqa.selenium.chrome.ChromeDriverService$Builder.findDefaultExecutable(ChromeDriverService.java:159)
	at org.openqa.selenium.remote.service.DriverService$Builder.build(DriverService.java:355)
	at org.openqa.selenium.chrome.ChromeDriverService.createDefaultService(ChromeDriverService.java:94)
	at org.openqa.selenium.chrome.ChromeDriver.&lt;init&gt;(ChromeDriver.java:123)
	at com.licensing.amaxinsurance.testcases.VerifyLoginsTests.setUp(VerifyLoginsTests.java:26)
	at java.base/java.util.ArrayList.forEach(ArrayList.java:1541)
... Removed 36 stack frames
</div> <!-- stack-trace -->
                </div> <!-- method-content -->
              </div> <!-- method -->
              <div class="method">
                <div class="method-content">
                  <a name="loginSystemAdminTest">
                  </a> <!-- loginSystemAdminTest -->
                  <span class="method-name">loginSystemAdminTest</span>
                  <div class="stack-trace">java.lang.IllegalStateException: The driver executable does not exist: C:\browserdrivers\chromedriver.exe
	at com.google.common.base.Preconditions.checkState(Preconditions.java:585)
	at org.openqa.selenium.remote.service.DriverService.checkExecutable(DriverService.java:146)
	at org.openqa.selenium.remote.service.DriverService.findExecutable(DriverService.java:141)
	at org.openqa.selenium.chrome.ChromeDriverService.access$000(ChromeDriverService.java:35)
	at org.openqa.selenium.chrome.ChromeDriverService$Builder.findDefaultExecutable(ChromeDriverService.java:159)
	at org.openqa.selenium.remote.service.DriverService$Builder.build(DriverService.java:355)
	at org.openqa.selenium.chrome.ChromeDriverService.createDefaultService(ChromeDriverService.java:94)
	at org.openqa.selenium.chrome.ChromeDriver.&lt;init&gt;(ChromeDriver.java:123)
	at com.licensing.amaxinsurance.testcases.VerifyLoginsTests.setUp(VerifyLoginsTests.java:26)
	at java.base/java.util.ArrayList.forEach(ArrayList.java:1541)
... Removed 36 stack frames
</div> <!-- stack-trace -->
                </div> <!-- method-content -->
              </div> <!-- method -->
            </div> <!-- main-panel-content rounded-window-bottom -->
          </div> <!-- suite-Surefire_suite-class-skipped -->
          <div class="suite-Surefire_suite-class-skipped">
            <div class="main-panel-header rounded-window-top">
              <img src="skipped.png"/>
              <span class="class-name">com.amaxinsurance.testcases.aboutamax.NewsAndEventsPageTitleTest</span>
            </div> <!-- main-panel-header rounded-window-top -->
            <div class="main-panel-content rounded-window-bottom">
              <div class="method">
                <div class="method-content">
                  <a name="verifyNewsAndEventsPageTitleTest">
                  </a> <!-- verifyNewsAndEventsPageTitleTest -->
                  <span class="method-name">verifyNewsAndEventsPageTitleTest</span>
                  <div class="stack-trace">java.lang.NullPointerException
	at com.amaxweb.base.TestBase.initialization(TestBase.java:47)
	at com.amaxinsurance.testcases.aboutamax.NewsAndEventsPageTitleTest.setUp(NewsAndEventsPageTitleTest.java:21)
	at java.base/java.util.ArrayList.forEach(ArrayList.java:1541)
... Removed 36 stack frames
</div> <!-- stack-trace -->
                </div> <!-- method-content -->
              </div> <!-- method -->
            </div> <!-- main-panel-content rounded-window-bottom -->
          </div> <!-- suite-Surefire_suite-class-skipped -->
          <div class="suite-Surefire_suite-class-skipped">
            <div class="main-panel-header rounded-window-top">
              <img src="skipped.png"/>
              <span class="class-name">com.amaxinsurance.testcases.HomeownersQuotepageTitleTest</span>
            </div> <!-- main-panel-header rounded-window-top -->
            <div class="main-panel-content rounded-window-bottom">
              <div class="method">
                <div class="method-content">
                  <a name="verifyHomeownersQuotepageTitleTest">
                  </a> <!-- verifyHomeownersQuotepageTitleTest -->
                  <span class="method-name">verifyHomeownersQuotepageTitleTest</span>
                  <div class="stack-trace">java.lang.NullPointerException
	at com.amaxweb.base.TestBase.initialization(TestBase.java:47)
	at com.amaxinsurance.testcases.HomeownersQuotepageTitleTest.setUp(HomeownersQuotepageTitleTest.java:21)
	at java.base/java.util.ArrayList.forEach(ArrayList.java:1541)
... Removed 36 stack frames
</div> <!-- stack-trace -->
                </div> <!-- method-content -->
              </div> <!-- method -->
            </div> <!-- main-panel-content rounded-window-bottom -->
          </div> <!-- suite-Surefire_suite-class-skipped -->
          <div class="suite-Surefire_suite-class-skipped">
            <div class="main-panel-header rounded-window-top">
              <img src="skipped.png"/>
              <span class="class-name">com.amaxinsurance.testcases.MobileHomeQuotePageTitleTest</span>
            </div> <!-- main-panel-header rounded-window-top -->
            <div class="main-panel-content rounded-window-bottom">
              <div class="method">
                <div class="method-content">
                  <a name="verifyMobileHomeQuotePageTitleTest">
                  </a> <!-- verifyMobileHomeQuotePageTitleTest -->
                  <span class="method-name">verifyMobileHomeQuotePageTitleTest</span>
                  <div class="stack-trace">java.lang.NullPointerException
	at com.amaxweb.base.TestBase.initialization(TestBase.java:47)
	at com.amaxinsurance.testcases.MobileHomeQuotePageTitleTest.setUp(MobileHomeQuotePageTitleTest.java:16)
	at java.base/java.util.ArrayList.forEach(ArrayList.java:1541)
... Removed 36 stack frames
</div> <!-- stack-trace -->
                </div> <!-- method-content -->
              </div> <!-- method -->
            </div> <!-- main-panel-content rounded-window-bottom -->
          </div> <!-- suite-Surefire_suite-class-skipped -->
          <div class="suite-Surefire_suite-class-skipped">
            <div class="main-panel-header rounded-window-top">
              <img src="skipped.png"/>
              <span class="class-name">com.amaxinsurance.testcases.CommercialAutoQuotePageTitleTest</span>
            </div> <!-- main-panel-header rounded-window-top -->
            <div class="main-panel-content rounded-window-bottom">
              <div class="method">
                <div class="method-content">
                  <a name="verifycommAutoPageTitleTest">
                  </a> <!-- verifycommAutoPageTitleTest -->
                  <span class="method-name">verifycommAutoPageTitleTest</span>
                  <div class="stack-trace">java.lang.NullPointerException
	at com.amaxweb.base.TestBase.initialization(TestBase.java:47)
	at com.amaxinsurance.testcases.CommercialAutoQuotePageTitleTest.setUp(CommercialAutoQuotePageTitleTest.java:23)
	at java.base/java.util.ArrayList.forEach(ArrayList.java:1541)
... Removed 36 stack frames
</div> <!-- stack-trace -->
                </div> <!-- method-content -->
              </div> <!-- method -->
            </div> <!-- main-panel-content rounded-window-bottom -->
          </div> <!-- suite-Surefire_suite-class-skipped -->
          <div class="suite-Surefire_suite-class-skipped">
            <div class="main-panel-header rounded-window-top">
              <img src="skipped.png"/>
              <span class="class-name">com.amaxinsurance.testcases.aboutamax.CareersPageTitleTest</span>
            </div> <!-- main-panel-header rounded-window-top -->
            <div class="main-panel-content rounded-window-bottom">
              <div class="method">
                <div class="method-content">
                  <a name="verifyCarreersPageTitletest">
                  </a> <!-- verifyCarreersPageTitletest -->
                  <span class="method-name">verifyCarreersPageTitletest</span>
                  <div class="stack-trace">java.lang.NullPointerException
	at com.amaxweb.base.TestBase.initialization(TestBase.java:47)
	at com.amaxinsurance.testcases.aboutamax.CareersPageTitleTest.setUp(CareersPageTitleTest.java:21)
	at java.base/java.util.ArrayList.forEach(ArrayList.java:1541)
... Removed 36 stack frames
</div> <!-- stack-trace -->
                </div> <!-- method-content -->
              </div> <!-- method -->
            </div> <!-- main-panel-content rounded-window-bottom -->
          </div> <!-- suite-Surefire_suite-class-skipped -->
          <div class="suite-Surefire_suite-class-skipped">
            <div class="main-panel-header rounded-window-top">
              <img src="skipped.png"/>
              <span class="class-name">com.amaxinc.web.budget.testcases.BudgetAndVarianceHomePageTest</span>
            </div> <!-- main-panel-header rounded-window-top -->
            <div class="main-panel-content rounded-window-bottom">
              <div class="method">
                <div class="method-content">
                  <a name="getPageTitleTest">
                  </a> <!-- getPageTitleTest -->
                  <span class="method-name">getPageTitleTest</span>
                  <div class="stack-trace">java.lang.IllegalStateException: The driver executable does not exist: C:\browserdrivers\chromedriver.exe
	at com.google.common.base.Preconditions.checkState(Preconditions.java:585)
	at org.openqa.selenium.remote.service.DriverService.checkExecutable(DriverService.java:146)
	at org.openqa.selenium.remote.service.DriverService.findExecutable(DriverService.java:141)
	at org.openqa.selenium.chrome.ChromeDriverService.access$000(ChromeDriverService.java:35)
	at org.openqa.selenium.chrome.ChromeDriverService$Builder.findDefaultExecutable(ChromeDriverService.java:159)
	at org.openqa.selenium.remote.service.DriverService$Builder.build(DriverService.java:355)
	at org.openqa.selenium.chrome.ChromeDriverService.createDefaultService(ChromeDriverService.java:94)
	at org.openqa.selenium.chrome.ChromeDriver.&lt;init&gt;(ChromeDriver.java:123)
	at com.amaxinc.web.budget.testcases.BudgetAndVarianceHomePageTest.setUp(BudgetAndVarianceHomePageTest.java:21)
	at java.base/java.util.ArrayList.forEach(ArrayList.java:1541)
... Removed 36 stack frames
</div> <!-- stack-trace -->
                </div> <!-- method-content -->
              </div> <!-- method -->
            </div> <!-- main-panel-content rounded-window-bottom -->
          </div> <!-- suite-Surefire_suite-class-skipped -->
          <div class="suite-Surefire_suite-class-skipped">
            <div class="main-panel-header rounded-window-top">
              <img src="skipped.png"/>
              <span class="class-name">com.amaxinsurance.testcases.aboutamax.OurCompanyPageTitleTest</span>
            </div> <!-- main-panel-header rounded-window-top -->
            <div class="main-panel-content rounded-window-bottom">
              <div class="method">
                <div class="method-content">
                  <a name="verifyOurCompanyPageTitleTest">
                  </a> <!-- verifyOurCompanyPageTitleTest -->
                  <span class="method-name">verifyOurCompanyPageTitleTest</span>
                  <div class="stack-trace">java.lang.NullPointerException
	at com.amaxweb.base.TestBase.initialization(TestBase.java:47)
	at com.amaxinsurance.testcases.aboutamax.OurCompanyPageTitleTest.setUp(OurCompanyPageTitleTest.java:21)
	at java.base/java.util.ArrayList.forEach(ArrayList.java:1541)
... Removed 36 stack frames
</div> <!-- stack-trace -->
                </div> <!-- method-content -->
              </div> <!-- method -->
            </div> <!-- main-panel-content rounded-window-bottom -->
          </div> <!-- suite-Surefire_suite-class-skipped -->
          <div class="suite-Surefire_suite-class-skipped">
            <div class="main-panel-header rounded-window-top">
              <img src="skipped.png"/>
              <span class="class-name">com.quote.amaxinsurance.testcases.GetQuoteDriversLicenseInputTest</span>
            </div> <!-- main-panel-header rounded-window-top -->
            <div class="main-panel-content rounded-window-bottom">
              <div class="method">
                <div class="method-content">
                  <a name="getQuoteWithDriversLicenseTest">
                  </a> <!-- getQuoteWithDriversLicenseTest -->
                  <span class="method-name">getQuoteWithDriversLicenseTest</span>
                  <div class="stack-trace">java.lang.NullPointerException
	at com.amaxweb.base.TestBase.initialization(TestBase.java:47)
	at com.quote.amaxinsurance.testcases.GetQuoteDriversLicenseInputTest.setUp(GetQuoteDriversLicenseInputTest.java:20)
	at java.base/java.util.ArrayList.forEach(ArrayList.java:1541)
... Removed 36 stack frames
</div> <!-- stack-trace -->
                </div> <!-- method-content -->
              </div> <!-- method -->
            </div> <!-- main-panel-content rounded-window-bottom -->
          </div> <!-- suite-Surefire_suite-class-skipped -->
          <div class="suite-Surefire_suite-class-skipped">
            <div class="main-panel-header rounded-window-top">
              <img src="skipped.png"/>
              <span class="class-name">com.amaxinsurance.testcases.ContactUsPageTitleTest</span>
            </div> <!-- main-panel-header rounded-window-top -->
            <div class="main-panel-content rounded-window-bottom">
              <div class="method">
                <div class="method-content">
                  <a name="verifyContactUsPageTitletest">
                  </a> <!-- verifyContactUsPageTitletest -->
                  <span class="method-name">verifyContactUsPageTitletest</span>
                  <div class="stack-trace">java.lang.NullPointerException
	at com.amaxweb.base.TestBase.initialization(TestBase.java:47)
	at com.amaxinsurance.testcases.ContactUsPageTitleTest.setUp(ContactUsPageTitleTest.java:21)
	at java.base/java.util.ArrayList.forEach(ArrayList.java:1541)
... Removed 36 stack frames
</div> <!-- stack-trace -->
                </div> <!-- method-content -->
              </div> <!-- method -->
            </div> <!-- main-panel-content rounded-window-bottom -->
          </div> <!-- suite-Surefire_suite-class-skipped -->
        </div> <!-- panel Surefire_suite -->
        <div panel-name="test-xml-Surefire_suite" class="panel">
          <div class="main-panel-header rounded-window-top">
          </div> <!-- main-panel-header rounded-window-top -->
          <div class="main-panel-content rounded-window-bottom">
            <pre>
&lt;?xml version=&quot;1.0&quot; encoding=&quot;UTF-8&quot;?&gt;
&lt;!DOCTYPE suite SYSTEM &quot;https://testng.org/testng-1.0.dtd&quot;&gt;
&lt;suite thread-count=&quot;1&quot; name=&quot;Surefire suite&quot; verbose=&quot;0&quot;&gt;
  &lt;test thread-count=&quot;1&quot; name=&quot;Surefire test&quot; verbose=&quot;0&quot;&gt;
    &lt;classes&gt;
      &lt;class name=&quot;com.amaxinc.web.budget.testcases.BudgetAndVarianceHomePageTest&quot;/&gt;
      &lt;class name=&quot;com.amaxinsurance.testcases.aboutamax.CareersPageTitleTest&quot;/&gt;
      &lt;class name=&quot;com.amaxinsurance.testcases.aboutamax.FAQsPageTitleTest&quot;/&gt;
      &lt;class name=&quot;com.amaxinsurance.testcases.aboutamax.NewsAndEventsPageTitleTest&quot;/&gt;
      &lt;class name=&quot;com.amaxinsurance.testcases.aboutamax.OurCompanyPageTitleTest&quot;/&gt;
      &lt;class name=&quot;com.amaxinsurance.testcases.BoatsAndWatercraftQuotePageTitleTest&quot;/&gt;
      &lt;class name=&quot;com.amaxinsurance.testcases.CommercialAutoQuotePageTitleTest&quot;/&gt;
      &lt;class name=&quot;com.amaxinsurance.testcases.ContactUsPageTitleTest&quot;/&gt;
      &lt;class name=&quot;com.amaxinsurance.testcases.FindAnOfficePageTest&quot;/&gt;
      &lt;class name=&quot;com.amaxinsurance.testcases.GeneralLiabilityQuotePageTitleTest&quot;/&gt;
      &lt;class name=&quot;com.amaxinsurance.testcases.HomeownersQuotepageTitleTest&quot;/&gt;
      &lt;class name=&quot;com.amaxinsurance.testcases.HomePageTest&quot;/&gt;
      &lt;class name=&quot;com.amaxinsurance.testcases.MakeAClaimPageTest&quot;/&gt;
      &lt;class name=&quot;com.amaxinsurance.testcases.MakeAPaymentPageTest&quot;/&gt;
      &lt;class name=&quot;com.amaxinsurance.testcases.MexicoTouristQuotePageTitleTest&quot;/&gt;
      &lt;class name=&quot;com.amaxinsurance.testcases.MobileHomeQuotePageTitleTest&quot;/&gt;
      &lt;class name=&quot;com.amaxinsurance.testcases.MotorcycleQuotePageTest&quot;/&gt;
      &lt;class name=&quot;com.amaxinsurance.testcases.NotaryServicesQuotePageTitleTest&quot;/&gt;
      &lt;class name=&quot;com.amaxinsurance.testcases.ReferralPageTest&quot;/&gt;
      &lt;class name=&quot;com.amaxinsurance.testcases.RentersQuotePageTitleTest&quot;/&gt;
      &lt;class name=&quot;com.amaxinsurance.testcases.RVQuotePageTitleTest&quot;/&gt;
      &lt;class name=&quot;com.amaxinsurance.testcases.Sr22QuotePageTitleTest&quot;/&gt;
      &lt;class name=&quot;com.amaxinsurance.testcases.SuretyBondQuotePageTitleTest&quot;/&gt;
      &lt;class name=&quot;com.audit.amaxinsurance.testcases.UnderwritinPortalLogInTest&quot;/&gt;
      &lt;class name=&quot;com.ilead.amaxinsurance.testcases.AgentLoginPageTest&quot;/&gt;
      &lt;class name=&quot;com.licensing.amaxinsurance.testcases.VerifyLoginsTests&quot;/&gt;
      &lt;class name=&quot;com.powerbi.amaxinsurance.testcases.MaxBiUpAndRunningTest&quot;/&gt;
      &lt;class name=&quot;com.quote.amaxinsurance.testcases.GetQuoteDriversLicenseInputTest&quot;/&gt;
      &lt;class name=&quot;com.quote.amaxinsurance.testcases.GetQuoteManuallyTest&quot;/&gt;
      &lt;class name=&quot;com.ref.amaxinsurance.winback.testcases.PageTitleTest&quot;/&gt;
    &lt;/classes&gt;
  &lt;/test&gt; &lt;!-- Surefire test --&gt;
&lt;/suite&gt; &lt;!-- Surefire suite --&gt;
            </pre>
          </div> <!-- main-panel-content rounded-window-bottom -->
        </div> <!-- panel -->
        <div panel-name="testlist-Surefire_suite" class="panel">
          <div class="main-panel-header rounded-window-top">
            <span class="header-content">Tests for Surefire suite</span>
          </div> <!-- main-panel-header rounded-window-top -->
          <div class="main-panel-content rounded-window-bottom">
            <ul>
              <li>
                <span class="test-name">Surefire test (30 classes)</span>
              </li>
            </ul>
          </div> <!-- main-panel-content rounded-window-bottom -->
        </div> <!-- panel -->
        <div panel-name="group-Surefire_suite" class="panel">
          <div class="main-panel-header rounded-window-top">
            <span class="header-content">Groups for Surefire suite</span>
          </div> <!-- main-panel-header rounded-window-top -->
          <div class="main-panel-content rounded-window-bottom">
          </div> <!-- main-panel-content rounded-window-bottom -->
        </div> <!-- panel -->
        <div panel-name="times-Surefire_suite" class="panel">
          <div class="main-panel-header rounded-window-top">
            <span class="header-content">Times for Surefire suite</span>
          </div> <!-- main-panel-header rounded-window-top -->
          <div class="main-panel-content rounded-window-bottom">
            <div class="times-div">
              <script type="text/javascript">
suiteTableInitFunctions.push('tableData_Surefire_suite');
function tableData_Surefire_suite() {
var data = new google.visualization.DataTable();
data.addColumn('number', 'Number');
data.addColumn('string', 'Method');
data.addColumn('string', 'Class');
data.addColumn('number', 'Time (ms)');
data.addRows(35);
data.setCell(0, 0, 0)
data.setCell(0, 1, 'verifyCarreersPageTitletest')
data.setCell(0, 2, 'com.amaxinsurance.testcases.aboutamax.CareersPageTitleTest')
data.setCell(0, 3, 0);
data.setCell(1, 0, 1)
data.setCell(1, 1, 'loginSystemAdminTest')
data.setCell(1, 2, 'com.licensing.amaxinsurance.testcases.VerifyLoginsTests')
data.setCell(1, 3, 0);
data.setCell(2, 0, 2)
data.setCell(2, 1, 'pageTitleWinbackTest')
data.setCell(2, 2, 'com.ref.amaxinsurance.winback.testcases.PageTitleTest')
data.setCell(2, 3, 0);
data.setCell(3, 0, 3)
data.setCell(3, 1, 'verifyMotorcyclePageTitleTest')
data.setCell(3, 2, 'com.amaxinsurance.testcases.MotorcycleQuotePageTest')
data.setCell(3, 3, 0);
data.setCell(4, 0, 4)
data.setCell(4, 1, 'verifyMakeAPaymentPageTitleTest')
data.setCell(4, 2, 'com.amaxinsurance.testcases.MakeAPaymentPageTest')
data.setCell(4, 3, 0);
data.setCell(5, 0, 5)
data.setCell(5, 1, 'verifyNotaryServicesQuotePageTitleTest')
data.setCell(5, 2, 'com.amaxinsurance.testcases.NotaryServicesQuotePageTitleTest')
data.setCell(5, 3, 0);
data.setCell(6, 0, 6)
data.setCell(6, 1, 'verifycommAutoPageTitleTest')
data.setCell(6, 2, 'com.amaxinsurance.testcases.CommercialAutoQuotePageTitleTest')
data.setCell(6, 3, 0);
data.setCell(7, 0, 7)
data.setCell(7, 1, 'getQuoteManuallyTest')
data.setCell(7, 2, 'com.quote.amaxinsurance.testcases.GetQuoteManuallyTest')
data.setCell(7, 3, 0);
data.setCell(8, 0, 8)
data.setCell(8, 1, 'verifyIleadLoginPageTitleTest')
data.setCell(8, 2, 'com.ilead.amaxinsurance.testcases.AgentLoginPageTest')
data.setCell(8, 3, 0);
data.setCell(9, 0, 9)
data.setCell(9, 1, 'loginHRTest')
data.setCell(9, 2, 'com.licensing.amaxinsurance.testcases.VerifyLoginsTests')
data.setCell(9, 3, 0);
data.setCell(10, 0, 10)
data.setCell(10, 1, 'verifyRVQuotePageTitleTest')
data.setCell(10, 2, 'com.amaxinsurance.testcases.RVQuotePageTitleTest')
data.setCell(10, 3, 0);
data.setCell(11, 0, 11)
data.setCell(11, 1, 'verifyOurCompanyPageTitleTest')
data.setCell(11, 2, 'com.amaxinsurance.testcases.aboutamax.OurCompanyPageTitleTest')
data.setCell(11, 3, 0);
data.setCell(12, 0, 12)
data.setCell(12, 1, 'verifyMobileHomeQuotePageTitleTest')
data.setCell(12, 2, 'com.amaxinsurance.testcases.MobileHomeQuotePageTitleTest')
data.setCell(12, 3, 0);
data.setCell(13, 0, 13)
data.setCell(13, 1, 'verifyRentersQuotepageTitleTest')
data.setCell(13, 2, 'com.amaxinsurance.testcases.RentersQuotePageTitleTest')
data.setCell(13, 3, 0);
data.setCell(14, 0, 14)
data.setCell(14, 1, 'verifySuretyBondQuotePageTitleTest')
data.setCell(14, 2, 'com.amaxinsurance.testcases.SuretyBondQuotePageTitleTest')
data.setCell(14, 3, 0);
data.setCell(15, 0, 15)
data.setCell(15, 1, 'loginAgentTest')
data.setCell(15, 2, 'com.licensing.amaxinsurance.testcases.VerifyLoginsTests')
data.setCell(15, 3, 0);
data.setCell(16, 0, 16)
data.setCell(16, 1, 'verifyContactUsPageTitletest')
data.setCell(16, 2, 'com.amaxinsurance.testcases.ContactUsPageTitleTest')
data.setCell(16, 3, 0);
data.setCell(17, 0, 17)
data.setCell(17, 1, 'loginUnderWritingPortalTest')
data.setCell(17, 2, 'com.audit.amaxinsurance.testcases.UnderwritinPortalLogInTest')
data.setCell(17, 3, 0);
data.setCell(18, 0, 18)
data.setCell(18, 1, 'verifyGeneralLiabilityQuotePageTitleTest')
data.setCell(18, 2, 'com.amaxinsurance.testcases.GeneralLiabilityQuotePageTitleTest')
data.setCell(18, 3, 0);
data.setCell(19, 0, 19)
data.setCell(19, 1, 'verifyMakeAClaimPageTitleTest')
data.setCell(19, 2, 'com.amaxinsurance.testcases.MakeAClaimPageTest')
data.setCell(19, 3, 0);
data.setCell(20, 0, 20)
data.setCell(20, 1, 'verifyBoatsAndWCPageTitletest')
data.setCell(20, 2, 'com.amaxinsurance.testcases.BoatsAndWatercraftQuotePageTitleTest')
data.setCell(20, 3, 0);
data.setCell(21, 0, 21)
data.setCell(21, 1, 'verifyfAQsPageTitletest')
data.setCell(21, 2, 'com.amaxinsurance.testcases.aboutamax.FAQsPageTitleTest')
data.setCell(21, 3, 0);
data.setCell(22, 0, 22)
data.setCell(22, 1, 'getQuoteWithDriversLicenseTest')
data.setCell(22, 2, 'com.quote.amaxinsurance.testcases.GetQuoteDriversLicenseInputTest')
data.setCell(22, 3, 0);
data.setCell(23, 0, 23)
data.setCell(23, 1, 'verifyLiveDataUpAndRunningTest')
data.setCell(23, 2, 'com.powerbi.amaxinsurance.testcases.MaxBiUpAndRunningTest')
data.setCell(23, 3, 0);
data.setCell(24, 0, 24)
data.setCell(24, 1, 'homePageTitleTest')
data.setCell(24, 2, 'com.amaxinsurance.testcases.ReferralPageTest')
data.setCell(24, 3, 0);
data.setCell(25, 0, 25)
data.setCell(25, 1, 'verifySr22QuotePageTitleTest')
data.setCell(25, 2, 'com.amaxinsurance.testcases.Sr22QuotePageTitleTest')
data.setCell(25, 3, 0);
data.setCell(26, 0, 26)
data.setCell(26, 1, 'getPageTitleTest')
data.setCell(26, 2, 'com.amaxinc.web.budget.testcases.BudgetAndVarianceHomePageTest')
data.setCell(26, 3, 0);
data.setCell(27, 0, 27)
data.setCell(27, 1, 'verifyMexicoTouristQuotePageTitleTest')
data.setCell(27, 2, 'com.amaxinsurance.testcases.MexicoTouristQuotePageTitleTest')
data.setCell(27, 3, 0);
data.setCell(28, 0, 28)
data.setCell(28, 1, 'checkUnderWritingPageTitleTest')
data.setCell(28, 2, 'com.audit.amaxinsurance.testcases.UnderwritinPortalLogInTest')
data.setCell(28, 3, 0);
data.setCell(29, 0, 29)
data.setCell(29, 1, 'verifyIleadAgentPageTitleTest')
data.setCell(29, 2, 'com.ilead.amaxinsurance.testcases.AgentLoginPageTest')
data.setCell(29, 3, 0);
data.setCell(30, 0, 30)
data.setCell(30, 1, 'verifyLogInTest')
data.setCell(30, 2, 'com.powerbi.amaxinsurance.testcases.MaxBiUpAndRunningTest')
data.setCell(30, 3, 0);
data.setCell(31, 0, 31)
data.setCell(31, 1, 'verifyHomeownersQuotepageTitleTest')
data.setCell(31, 2, 'com.amaxinsurance.testcases.HomeownersQuotepageTitleTest')
data.setCell(31, 3, 0);
data.setCell(32, 0, 32)
data.setCell(32, 1, 'verifyNewsAndEventsPageTitleTest')
data.setCell(32, 2, 'com.amaxinsurance.testcases.aboutamax.NewsAndEventsPageTitleTest')
data.setCell(32, 3, 0);
data.setCell(33, 0, 33)
data.setCell(33, 1, 'verifyFindAnOfficeTitleTest')
data.setCell(33, 2, 'com.amaxinsurance.testcases.FindAnOfficePageTest')
data.setCell(33, 3, 0);
data.setCell(34, 0, 34)
data.setCell(34, 1, 'loginLDTest')
data.setCell(34, 2, 'com.licensing.amaxinsurance.testcases.VerifyLoginsTests')
data.setCell(34, 3, 0);
window.suiteTableData['Surefire_suite']= { tableData: data, tableDiv: 'times-div-Surefire_suite'}
return data;
}
              </script>
              <span class="suite-total-time">Total running time: 0 ms</span>
              <div id="times-div-Surefire_suite">
              </div> <!-- times-div-Surefire_suite -->
            </div> <!-- times-div -->
          </div> <!-- main-panel-content rounded-window-bottom -->
        </div> <!-- panel -->
        <div panel-name="reporter-Surefire_suite" class="panel">
          <div class="main-panel-header rounded-window-top">
            <span class="header-content">Reporter output for Surefire suite</span>
          </div> <!-- main-panel-header rounded-window-top -->
          <div class="main-panel-content rounded-window-bottom">
          </div> <!-- main-panel-content rounded-window-bottom -->
        </div> <!-- panel -->
        <div panel-name="ignored-methods-Surefire_suite" class="panel">
          <div class="main-panel-header rounded-window-top">
            <span class="header-content">1 ignored method</span>
          </div> <!-- main-panel-header rounded-window-top -->
          <div class="main-panel-content rounded-window-bottom">
            <div class="ignored-class-div">
              <span class="ignored-class-name">com.amaxinsurance.testcases.HomePageTest</span>
              <div class="ignored-methods-div">
                <span class="ignored-method-name">homePageTitleTest</span>
                <br/>
              </div> <!-- ignored-methods-div -->
            </div> <!-- ignored-class-div -->
          </div> <!-- main-panel-content rounded-window-bottom -->
        </div> <!-- panel -->
        <div panel-name="chronological-Surefire_suite" class="panel">
          <div class="main-panel-header rounded-window-top">
            <span class="header-content">Methods in chronological order</span>
          </div> <!-- main-panel-header rounded-window-top -->
          <div class="main-panel-content rounded-window-bottom">
            <div class="chronological-class">
              <div class="chronological-class-name">com.amaxinc.web.budget.testcases.BudgetAndVarianceHomePageTest</div> <!-- chronological-class-name -->
              <div class="configuration-method before">
                <img src="failed.png">
                </img>
                <span class="method-name">setUp</span>
                <span class="method-start">0 ms</span>
              </div> <!-- configuration-method before -->
              <div class="test-method">
                <span class="method-name">getPageTitleTest</span>
                <span class="method-start">69 ms</span>
              </div> <!-- test-method -->
              <div class="configuration-method after">
                <span class="method-name">tearDown</span>
                <span class="method-start">70 ms</span>
              </div> <!-- configuration-method after -->
            </div> <!-- chronological-class -->
            <div class="chronological-class">
              <div class="chronological-class-name">com.amaxinsurance.testcases.aboutamax.CareersPageTitleTest</div> <!-- chronological-class-name -->
              <div class="test-method">
                <span class="method-name">verifyCarreersPageTitletest</span>
                <span class="method-start">72 ms</span>
              </div> <!-- test-method -->
              <div class="configuration-method after">
                <span class="method-name">tearDown</span>
                <span class="method-start">72 ms</span>
              </div> <!-- configuration-method after -->
              <div class="configuration-method before">
                <img src="failed.png">
                </img>
                <span class="method-name">setUp</span>
                <span class="method-start">72 ms</span>
              </div> <!-- configuration-method before -->
            </div> <!-- chronological-class -->
            <div class="chronological-class">
              <div class="chronological-class-name">com.amaxinsurance.testcases.aboutamax.FAQsPageTitleTest</div> <!-- chronological-class-name -->
              <div class="configuration-method after">
                <span class="method-name">tearDown</span>
                <span class="method-start">73 ms</span>
              </div> <!-- configuration-method after -->
              <div class="test-method">
                <span class="method-name">verifyfAQsPageTitletest</span>
                <span class="method-start">73 ms</span>
              </div> <!-- test-method -->
              <div class="configuration-method before">
                <img src="failed.png">
                </img>
                <span class="method-name">setUp</span>
                <span class="method-start">73 ms</span>
              </div> <!-- configuration-method before -->
            </div> <!-- chronological-class -->
            <div class="chronological-class">
              <div class="chronological-class-name">com.amaxinsurance.testcases.aboutamax.NewsAndEventsPageTitleTest</div> <!-- chronological-class-name -->
              <div class="test-method">
                <span class="method-name">verifyNewsAndEventsPageTitleTest</span>
                <span class="method-start">74 ms</span>
              </div> <!-- test-method -->
              <div class="configuration-method after">
                <span class="method-name">tearDown</span>
                <span class="method-start">74 ms</span>
              </div> <!-- configuration-method after -->
              <div class="configuration-method before">
                <img src="failed.png">
                </img>
                <span class="method-name">setUp</span>
                <span class="method-start">74 ms</span>
              </div> <!-- configuration-method before -->
            </div> <!-- chronological-class -->
            <div class="chronological-class">
              <div class="chronological-class-name">com.amaxinsurance.testcases.aboutamax.OurCompanyPageTitleTest</div> <!-- chronological-class-name -->
              <div class="configuration-method before">
                <img src="failed.png">
                </img>
                <span class="method-name">setUp</span>
                <span class="method-start">74 ms</span>
              </div> <!-- configuration-method before -->
              <div class="configuration-method after">
                <span class="method-name">tearDown</span>
                <span class="method-start">75 ms</span>
              </div> <!-- configuration-method after -->
            </div> <!-- chronological-class -->
            <div class="chronological-class">
              <div class="chronological-class-name">com.amaxinsurance.testcases.BoatsAndWatercraftQuotePageTitleTest</div> <!-- chronological-class-name -->
              <div class="configuration-method before">
                <img src="failed.png">
                </img>
                <span class="method-name">setUp</span>
                <span class="method-start">75 ms</span>
              </div> <!-- configuration-method before -->
            </div> <!-- chronological-class -->
            <div class="chronological-class">
              <div class="chronological-class-name">com.amaxinsurance.testcases.aboutamax.OurCompanyPageTitleTest</div> <!-- chronological-class-name -->
              <div class="test-method">
                <span class="method-name">verifyOurCompanyPageTitleTest</span>
                <span class="method-start">75 ms</span>
              </div> <!-- test-method -->
            </div> <!-- chronological-class -->
            <div class="chronological-class">
              <div class="chronological-class-name">com.amaxinsurance.testcases.BoatsAndWatercraftQuotePageTitleTest</div> <!-- chronological-class-name -->
              <div class="test-method">
                <span class="method-name">verifyBoatsAndWCPageTitletest</span>
                <span class="method-start">75 ms</span>
              </div> <!-- test-method -->
            </div> <!-- chronological-class -->
            <div class="chronological-class">
              <div class="chronological-class-name">com.amaxinsurance.testcases.CommercialAutoQuotePageTitleTest</div> <!-- chronological-class-name -->
              <div class="configuration-method after">
                <span class="method-name">tearDown</span>
                <span class="method-start">76 ms</span>
              </div> <!-- configuration-method after -->
            </div> <!-- chronological-class -->
            <div class="chronological-class">
              <div class="chronological-class-name">com.amaxinsurance.testcases.BoatsAndWatercraftQuotePageTitleTest</div> <!-- chronological-class-name -->
              <div class="configuration-method after">
                <span class="method-name">tearDown</span>
                <span class="method-start">76 ms</span>
              </div> <!-- configuration-method after -->
            </div> <!-- chronological-class -->
            <div class="chronological-class">
              <div class="chronological-class-name">com.amaxinsurance.testcases.CommercialAutoQuotePageTitleTest</div> <!-- chronological-class-name -->
              <div class="configuration-method before">
                <img src="failed.png">
                </img>
                <span class="method-name">setUp</span>
                <span class="method-start">76 ms</span>
              </div> <!-- configuration-method before -->
              <div class="test-method">
                <span class="method-name">verifycommAutoPageTitleTest</span>
                <span class="method-start">76 ms</span>
              </div> <!-- test-method -->
            </div> <!-- chronological-class -->
            <div class="chronological-class">
              <div class="chronological-class-name">com.amaxinsurance.testcases.ContactUsPageTitleTest</div> <!-- chronological-class-name -->
              <div class="configuration-method after">
                <span class="method-name">tearDown</span>
                <span class="method-start">77 ms</span>
              </div> <!-- configuration-method after -->
              <div class="test-method">
                <span class="method-name">verifyContactUsPageTitletest</span>
                <span class="method-start">77 ms</span>
              </div> <!-- test-method -->
              <div class="configuration-method before">
                <img src="failed.png">
                </img>
                <span class="method-name">setUp</span>
                <span class="method-start">77 ms</span>
              </div> <!-- configuration-method before -->
            </div> <!-- chronological-class -->
            <div class="chronological-class">
              <div class="chronological-class-name">com.amaxinsurance.testcases.FindAnOfficePageTest</div> <!-- chronological-class-name -->
              <div class="configuration-method after">
                <span class="method-name">tearDown</span>
                <span class="method-start">78 ms</span>
              </div> <!-- configuration-method after -->
              <div class="configuration-method before">
                <img src="failed.png">
                </img>
                <span class="method-name">setUp</span>
                <span class="method-start">78 ms</span>
              </div> <!-- configuration-method before -->
              <div class="test-method">
                <span class="method-name">verifyFindAnOfficeTitleTest</span>
                <span class="method-start">78 ms</span>
              </div> <!-- test-method -->
            </div> <!-- chronological-class -->
            <div class="chronological-class">
              <div class="chronological-class-name">com.amaxinsurance.testcases.GeneralLiabilityQuotePageTitleTest</div> <!-- chronological-class-name -->
              <div class="configuration-method after">
                <span class="method-name">tearDown</span>
                <span class="method-start">79 ms</span>
              </div> <!-- configuration-method after -->
              <div class="configuration-method before">
                <img src="failed.png">
                </img>
                <span class="method-name">setUp</span>
                <span class="method-start">79 ms</span>
              </div> <!-- configuration-method before -->
            </div> <!-- chronological-class -->
            <div class="chronological-class">
              <div class="chronological-class-name">com.amaxinsurance.testcases.HomeownersQuotepageTitleTest</div> <!-- chronological-class-name -->
              <div class="configuration-method before">
                <img src="failed.png">
                </img>
                <span class="method-name">setUp</span>
                <span class="method-start">79 ms</span>
              </div> <!-- configuration-method before -->
            </div> <!-- chronological-class -->
            <div class="chronological-class">
              <div class="chronological-class-name">com.amaxinsurance.testcases.GeneralLiabilityQuotePageTitleTest</div> <!-- chronological-class-name -->
              <div class="test-method">
                <span class="method-name">verifyGeneralLiabilityQuotePageTitleTest</span>
                <span class="method-start">79 ms</span>
              </div> <!-- test-method -->
            </div> <!-- chronological-class -->
            <div class="chronological-class">
              <div class="chronological-class-name">com.amaxinsurance.testcases.HomeownersQuotepageTitleTest</div> <!-- chronological-class-name -->
              <div class="test-method">
                <span class="method-name">verifyHomeownersQuotepageTitleTest</span>
                <span class="method-start">80 ms</span>
              </div> <!-- test-method -->
              <div class="configuration-method after">
                <span class="method-name">tearDown</span>
                <span class="method-start">80 ms</span>
              </div> <!-- configuration-method after -->
            </div> <!-- chronological-class -->
            <div class="chronological-class">
              <div class="chronological-class-name">com.amaxinsurance.testcases.MakeAClaimPageTest</div> <!-- chronological-class-name -->
              <div class="configuration-method before">
                <img src="failed.png">
                </img>
                <span class="method-name">setUp</span>
                <span class="method-start">81 ms</span>
              </div> <!-- configuration-method before -->
              <div class="test-method">
                <span class="method-name">verifyMakeAClaimPageTitleTest</span>
                <span class="method-start">81 ms</span>
              </div> <!-- test-method -->
            </div> <!-- chronological-class -->
            <div class="chronological-class">
              <div class="chronological-class-name">com.amaxinsurance.testcases.MakeAPaymentPageTest</div> <!-- chronological-class-name -->
              <div class="configuration-method before">
                <img src="failed.png">
                </img>
                <span class="method-name">setUp</span>
                <span class="method-start">82 ms</span>
              </div> <!-- configuration-method before -->
            </div> <!-- chronological-class -->
            <div class="chronological-class">
              <div class="chronological-class-name">com.amaxinsurance.testcases.MakeAClaimPageTest</div> <!-- chronological-class-name -->
              <div class="configuration-method after">
                <span class="method-name">tearDown</span>
                <span class="method-start">82 ms</span>
              </div> <!-- configuration-method after -->
            </div> <!-- chronological-class -->
            <div class="chronological-class">
              <div class="chronological-class-name">com.amaxinsurance.testcases.MakeAPaymentPageTest</div> <!-- chronological-class-name -->
              <div class="test-method">
                <span class="method-name">verifyMakeAPaymentPageTitleTest</span>
                <span class="method-start">83 ms</span>
              </div> <!-- test-method -->
              <div class="configuration-method after">
                <span class="method-name">tearDown</span>
                <span class="method-start">83 ms</span>
              </div> <!-- configuration-method after -->
            </div> <!-- chronological-class -->
            <div class="chronological-class">
              <div class="chronological-class-name">com.amaxinsurance.testcases.MexicoTouristQuotePageTitleTest</div> <!-- chronological-class-name -->
              <div class="configuration-method before">
                <img src="failed.png">
                </img>
                <span class="method-name">setUp</span>
                <span class="method-start">83 ms</span>
              </div> <!-- configuration-method before -->
              <div class="configuration-method after">
                <span class="method-name">tearDown</span>
                <span class="method-start">84 ms</span>
              </div> <!-- configuration-method after -->
              <div class="test-method">
                <span class="method-name">verifyMexicoTouristQuotePageTitleTest</span>
                <span class="method-start">84 ms</span>
              </div> <!-- test-method -->
            </div> <!-- chronological-class -->
            <div class="chronological-class">
              <div class="chronological-class-name">com.amaxinsurance.testcases.MobileHomeQuotePageTitleTest</div> <!-- chronological-class-name -->
              <div class="test-method">
                <span class="method-name">verifyMobileHomeQuotePageTitleTest</span>
                <span class="method-start">85 ms</span>
              </div> <!-- test-method -->
              <div class="configuration-method before">
                <img src="failed.png">
                </img>
                <span class="method-name">setUp</span>
                <span class="method-start">85 ms</span>
              </div> <!-- configuration-method before -->
              <div class="configuration-method after">
                <span class="method-name">tearDown</span>
                <span class="method-start">85 ms</span>
              </div> <!-- configuration-method after -->
            </div> <!-- chronological-class -->
            <div class="chronological-class">
              <div class="chronological-class-name">com.amaxinsurance.testcases.MotorcycleQuotePageTest</div> <!-- chronological-class-name -->
              <div class="test-method">
                <span class="method-name">verifyMotorcyclePageTitleTest</span>
                <span class="method-start">86 ms</span>
              </div> <!-- test-method -->
              <div class="configuration-method before">
                <img src="failed.png">
                </img>
                <span class="method-name">setUp</span>
                <span class="method-start">86 ms</span>
              </div> <!-- configuration-method before -->
            </div> <!-- chronological-class -->
            <div class="chronological-class">
              <div class="chronological-class-name">com.amaxinsurance.testcases.NotaryServicesQuotePageTitleTest</div> <!-- chronological-class-name -->
              <div class="test-method">
                <span class="method-name">verifyNotaryServicesQuotePageTitleTest</span>
                <span class="method-start">87 ms</span>
              </div> <!-- test-method -->
            </div> <!-- chronological-class -->
            <div class="chronological-class">
              <div class="chronological-class-name">com.amaxinsurance.testcases.MotorcycleQuotePageTest</div> <!-- chronological-class-name -->
              <div class="configuration-method after">
                <span class="method-name">tearDown</span>
                <span class="method-start">87 ms</span>
              </div> <!-- configuration-method after -->
            </div> <!-- chronological-class -->
            <div class="chronological-class">
              <div class="chronological-class-name">com.amaxinsurance.testcases.NotaryServicesQuotePageTitleTest</div> <!-- chronological-class-name -->
              <div class="configuration-method before">
                <img src="failed.png">
                </img>
                <span class="method-name">setUp</span>
                <span class="method-start">87 ms</span>
              </div> <!-- configuration-method before -->
              <div class="configuration-method after">
                <span class="method-name">tearDown</span>
                <span class="method-start">88 ms</span>
              </div> <!-- configuration-method after -->
            </div> <!-- chronological-class -->
            <div class="chronological-class">
              <div class="chronological-class-name">com.amaxinsurance.testcases.ReferralPageTest</div> <!-- chronological-class-name -->
              <div class="test-method">
                <span class="method-name">homePageTitleTest</span>
                <span class="method-start">88 ms</span>
              </div> <!-- test-method -->
              <div class="configuration-method before">
                <img src="failed.png">
                </img>
                <span class="method-name">setUp</span>
                <span class="method-start">88 ms</span>
              </div> <!-- configuration-method before -->
              <div class="configuration-method after">
                <span class="method-name">tearDown</span>
                <span class="method-start">89 ms</span>
              </div> <!-- configuration-method after -->
            </div> <!-- chronological-class -->
            <div class="chronological-class">
              <div class="chronological-class-name">com.amaxinsurance.testcases.RentersQuotePageTitleTest</div> <!-- chronological-class-name -->
              <div class="test-method">
                <span class="method-name">verifyRentersQuotepageTitleTest</span>
                <span class="method-start">89 ms</span>
              </div> <!-- test-method -->
              <div class="configuration-method before">
                <img src="failed.png">
                </img>
                <span class="method-name">setUp</span>
                <span class="method-start">89 ms</span>
              </div> <!-- configuration-method before -->
              <div class="configuration-method after">
                <span class="method-name">tearDown</span>
                <span class="method-start">90 ms</span>
              </div> <!-- configuration-method after -->
            </div> <!-- chronological-class -->
            <div class="chronological-class">
              <div class="chronological-class-name">com.amaxinsurance.testcases.RVQuotePageTitleTest</div> <!-- chronological-class-name -->
              <div class="configuration-method before">
                <img src="failed.png">
                </img>
                <span class="method-name">setUp</span>
                <span class="method-start">90 ms</span>
              </div> <!-- configuration-method before -->
              <div class="configuration-method after">
                <span class="method-name">tearDown</span>
                <span class="method-start">91 ms</span>
              </div> <!-- configuration-method after -->
              <div class="test-method">
                <span class="method-name">verifyRVQuotePageTitleTest</span>
                <span class="method-start">91 ms</span>
              </div> <!-- test-method -->
            </div> <!-- chronological-class -->
            <div class="chronological-class">
              <div class="chronological-class-name">com.amaxinsurance.testcases.Sr22QuotePageTitleTest</div> <!-- chronological-class-name -->
              <div class="configuration-method before">
                <img src="failed.png">
                </img>
                <span class="method-name">setUp</span>
                <span class="method-start">91 ms</span>
              </div> <!-- configuration-method before -->
              <div class="configuration-method after">
                <span class="method-name">tearDown</span>
                <span class="method-start">92 ms</span>
              </div> <!-- configuration-method after -->
              <div class="test-method">
                <span class="method-name">verifySr22QuotePageTitleTest</span>
                <span class="method-start">92 ms</span>
              </div> <!-- test-method -->
            </div> <!-- chronological-class -->
            <div class="chronological-class">
              <div class="chronological-class-name">com.amaxinsurance.testcases.SuretyBondQuotePageTitleTest</div> <!-- chronological-class-name -->
              <div class="configuration-method before">
                <img src="failed.png">
                </img>
                <span class="method-name">setUp</span>
                <span class="method-start">92 ms</span>
              </div> <!-- configuration-method before -->
            </div> <!-- chronological-class -->
            <div class="chronological-class">
              <div class="chronological-class-name">com.audit.amaxinsurance.testcases.UnderwritinPortalLogInTest</div> <!-- chronological-class-name -->
              <div class="configuration-method before">
                <img src="failed.png">
                </img>
                <span class="method-name">setUp</span>
                <span class="method-start">93 ms</span>
              </div> <!-- configuration-method before -->
            </div> <!-- chronological-class -->
            <div class="chronological-class">
              <div class="chronological-class-name">com.amaxinsurance.testcases.SuretyBondQuotePageTitleTest</div> <!-- chronological-class-name -->
              <div class="configuration-method after">
                <span class="method-name">tearDown</span>
                <span class="method-start">93 ms</span>
              </div> <!-- configuration-method after -->
              <div class="test-method">
                <span class="method-name">verifySuretyBondQuotePageTitleTest</span>
                <span class="method-start">93 ms</span>
              </div> <!-- test-method -->
            </div> <!-- chronological-class -->
            <div class="chronological-class">
              <div class="chronological-class-name">com.audit.amaxinsurance.testcases.UnderwritinPortalLogInTest</div> <!-- chronological-class-name -->
              <div class="configuration-method after">
                <span class="method-name">tearDown</span>
                <span class="method-start">98 ms</span>
              </div> <!-- configuration-method after -->
              <div class="test-method">
                <span class="method-name">checkUnderWritingPageTitleTest</span>
                <span class="method-start">98 ms</span>
              </div> <!-- test-method -->
              <div class="configuration-method after">
                <span class="method-name">tearDown</span>
                <span class="method-start">99 ms</span>
              </div> <!-- configuration-method after -->
              <div class="test-method">
                <span class="method-name">loginUnderWritingPortalTest</span>
                <span class="method-start">99 ms</span>
              </div> <!-- test-method -->
              <div class="configuration-method before">
                <span class="method-name">setUp</span>
                <span class="method-start">99 ms</span>
              </div> <!-- configuration-method before -->
            </div> <!-- chronological-class -->
            <div class="chronological-class">
              <div class="chronological-class-name">com.ilead.amaxinsurance.testcases.AgentLoginPageTest</div> <!-- chronological-class-name -->
              <div class="configuration-method before">
                <img src="failed.png">
                </img>
                <span class="method-name">setUp</span>
                <span class="method-start">99 ms</span>
              </div> <!-- configuration-method before -->
              <div class="configuration-method after">
                <span class="method-name">tearDown</span>
                <span class="method-start">104 ms</span>
              </div> <!-- configuration-method after -->
              <div class="test-method">
                <span class="method-name">verifyIleadAgentPageTitleTest</span>
                <span class="method-start">104 ms</span>
              </div> <!-- test-method -->
            </div> <!-- chronological-class -->
            <div class="chronological-class">
              <div class="chronological-class-name">com.licensing.amaxinsurance.testcases.VerifyLoginsTests</div> <!-- chronological-class-name -->
              <div class="configuration-method before">
                <img src="failed.png">
                </img>
                <span class="method-name">setUp</span>
                <span class="method-start">106 ms</span>
              </div> <!-- configuration-method before -->
            </div> <!-- chronological-class -->
            <div class="chronological-class">
              <div class="chronological-class-name">com.ilead.amaxinsurance.testcases.AgentLoginPageTest</div> <!-- chronological-class-name -->
              <div class="configuration-method after">
                <span class="method-name">tearDown</span>
                <span class="method-start">106 ms</span>
              </div> <!-- configuration-method after -->
              <div class="test-method">
                <span class="method-name">verifyIleadLoginPageTitleTest</span>
                <span class="method-start">106 ms</span>
              </div> <!-- test-method -->
              <div class="configuration-method before">
                <span class="method-name">setUp</span>
                <span class="method-start">106 ms</span>
              </div> <!-- configuration-method before -->
            </div> <!-- chronological-class -->
            <div class="chronological-class">
              <div class="chronological-class-name">com.licensing.amaxinsurance.testcases.VerifyLoginsTests</div> <!-- chronological-class-name -->
              <div class="configuration-method after">
                <span class="method-name">tearDown</span>
                <span class="method-start">111 ms</span>
              </div> <!-- configuration-method after -->
              <div class="test-method">
                <span class="method-name">loginAgentTest</span>
                <span class="method-start">111 ms</span>
              </div> <!-- test-method -->
              <div class="test-method">
                <span class="method-name">loginSystemAdminTest</span>
                <span class="method-start">112 ms</span>
              </div> <!-- test-method -->
              <div class="configuration-method after">
                <span class="method-name">tearDown</span>
                <span class="method-start">112 ms</span>
              </div> <!-- configuration-method after -->
              <div class="configuration-method before">
                <span class="method-name">setUp</span>
                <span class="method-start">112 ms</span>
              </div> <!-- configuration-method before -->
              <div class="configuration-method before">
                <span class="method-name">setUp</span>
                <span class="method-start">112 ms</span>
              </div> <!-- configuration-method before -->
              <div class="test-method">
                <span class="method-name">loginHRTest</span>
                <span class="method-start">112 ms</span>
              </div> <!-- test-method -->
              <div class="configuration-method before">
                <span class="method-name">setUp</span>
                <span class="method-start">112 ms</span>
              </div> <!-- configuration-method before -->
              <div class="test-method">
                <span class="method-name">loginLDTest</span>
                <span class="method-start">112 ms</span>
              </div> <!-- test-method -->
              <div class="configuration-method after">
                <span class="method-name">tearDown</span>
                <span class="method-start">112 ms</span>
              </div> <!-- configuration-method after -->
              <div class="configuration-method after">
                <span class="method-name">tearDown</span>
                <span class="method-start">113 ms</span>
              </div> <!-- configuration-method after -->
            </div> <!-- chronological-class -->
            <div class="chronological-class">
              <div class="chronological-class-name">com.powerbi.amaxinsurance.testcases.MaxBiUpAndRunningTest</div> <!-- chronological-class-name -->
              <div class="configuration-method before">
                <img src="failed.png">
                </img>
                <span class="method-name">setUp</span>
                <span class="method-start">113 ms</span>
              </div> <!-- configuration-method before -->
              <div class="configuration-method after">
                <span class="method-name">tearDown</span>
                <span class="method-start">118 ms</span>
              </div> <!-- configuration-method after -->
              <div class="test-method">
                <span class="method-name">verifyLiveDataUpAndRunningTest</span>
                <span class="method-start">118 ms</span>
              </div> <!-- test-method -->
              <div class="configuration-method before">
                <span class="method-name">setUp</span>
                <span class="method-start">118 ms</span>
              </div> <!-- configuration-method before -->
              <div class="test-method">
                <span class="method-name">verifyLogInTest</span>
                <span class="method-start">118 ms</span>
              </div> <!-- test-method -->
            </div> <!-- chronological-class -->
            <div class="chronological-class">
              <div class="chronological-class-name">com.quote.amaxinsurance.testcases.GetQuoteDriversLicenseInputTest</div> <!-- chronological-class-name -->
              <div class="configuration-method before">
                <img src="failed.png">
                </img>
                <span class="method-name">setUp</span>
                <span class="method-start">119 ms</span>
              </div> <!-- configuration-method before -->
              <div class="configuration-method after">
                <span class="method-name">tearDown</span>
                <span class="method-start">119 ms</span>
              </div> <!-- configuration-method after -->
            </div> <!-- chronological-class -->
            <div class="chronological-class">
              <div class="chronological-class-name">com.powerbi.amaxinsurance.testcases.MaxBiUpAndRunningTest</div> <!-- chronological-class-name -->
              <div class="configuration-method after">
                <span class="method-name">tearDown</span>
                <span class="method-start">119 ms</span>
              </div> <!-- configuration-method after -->
            </div> <!-- chronological-class -->
            <div class="chronological-class">
              <div class="chronological-class-name">com.quote.amaxinsurance.testcases.GetQuoteManuallyTest</div> <!-- chronological-class-name -->
              <div class="configuration-method before">
                <img src="failed.png">
                </img>
                <span class="method-name">setUp</span>
                <span class="method-start">119 ms</span>
              </div> <!-- configuration-method before -->
            </div> <!-- chronological-class -->
            <div class="chronological-class">
              <div class="chronological-class-name">com.quote.amaxinsurance.testcases.GetQuoteDriversLicenseInputTest</div> <!-- chronological-class-name -->
              <div class="test-method">
                <span class="method-name">getQuoteWithDriversLicenseTest</span>
                <span class="method-start">119 ms</span>
              </div> <!-- test-method -->
            </div> <!-- chronological-class -->
            <div class="chronological-class">
              <div class="chronological-class-name">com.quote.amaxinsurance.testcases.GetQuoteManuallyTest</div> <!-- chronological-class-name -->
              <div class="configuration-method after">
                <span class="method-name">tearDown</span>
                <span class="method-start">120 ms</span>
              </div> <!-- configuration-method after -->
              <div class="test-method">
                <span class="method-name">getQuoteManuallyTest</span>
                <span class="method-start">120 ms</span>
              </div> <!-- test-method -->
            </div> <!-- chronological-class -->
            <div class="chronological-class">
              <div class="chronological-class-name">com.ref.amaxinsurance.winback.testcases.PageTitleTest</div> <!-- chronological-class-name -->
              <div class="configuration-method before">
                <img src="failed.png">
                </img>
                <span class="method-name">setUp</span>
                <span class="method-start">120 ms</span>
              </div> <!-- configuration-method before -->
              <div class="test-method">
                <span class="method-name">pageTitleWinbackTest</span>
                <span class="method-start">125 ms</span>
              </div> <!-- test-method -->
              <div class="configuration-method after">
                <span class="method-name">tearDown</span>
                <span class="method-start">125 ms</span>
              </div> <!-- configuration-method after -->
          </div> <!-- main-panel-content rounded-window-bottom -->
        </div> <!-- panel -->
      </div> <!-- main-panel-root -->
    </div> <!-- wrapper -->
  </body>
<script type="text/javascript" src="testng-reports2.js"></script>
</html>
